<<<<<<< HEAD
2020-08-23T17:23:15.012Z | info | Server Has Started listening on PORT: 5000
2020-08-23T17:23:15.016Z | error | Server Has Started listening on PORT: 5000
2020-08-23T17:27:33.049Z | info | Server Has Started listening on PORT: 5000
2020-08-23T17:27:33.051Z | error | Server Has Started listening on PORT: 5000
2020-08-23T17:28:09.475Z | info | Server Has Started listening on PORT: 5000
2020-08-23T17:28:22.873Z | info | Admin --> GET /users invoked
2020-08-24T05:17:00.557Z | info | Server Has Started listening on PORT: 5000
2020-08-24T06:51:20.512Z | error | uncaughtException: Unexpected token <<
D:\UCSC\Group-Project-II\server\src\models\mysql.js:12
<<<<<<< HEAD
^^

SyntaxError: Unexpected token <<
    at new Script (vm.js:79:7)
    at createScript (vm.js:251:10)
    at Object.runInThisContext (vm.js:303:10)
    at Module._compile (internal/modules/cjs/loader.js:657:28)
    at Object.Module._extensions..js (internal/modules/cjs/loader.js:700:10)
    at Module.load (internal/modules/cjs/loader.js:599:32)
    at tryModuleLoad (internal/modules/cjs/loader.js:538:12)
    at Function.Module._load (internal/modules/cjs/loader.js:530:3)
    at Module.require (internal/modules/cjs/loader.js:637:17)
    at require (internal/modules/cjs/helpers.js:22:18)
2020-08-24T07:19:03.829Z | error | uncaughtException: Unexpected token <<
D:\UCSC\Group-Project-II\server\src\models\mysql.js:12
<<<<<<< HEAD
^^

SyntaxError: Unexpected token <<
    at new Script (vm.js:79:7)
    at createScript (vm.js:251:10)
    at Object.runInThisContext (vm.js:303:10)
    at Module._compile (internal/modules/cjs/loader.js:657:28)
    at Object.Module._extensions..js (internal/modules/cjs/loader.js:700:10)
    at Module.load (internal/modules/cjs/loader.js:599:32)
    at tryModuleLoad (internal/modules/cjs/loader.js:538:12)
    at Function.Module._load (internal/modules/cjs/loader.js:530:3)
    at Module.require (internal/modules/cjs/loader.js:637:17)
    at require (internal/modules/cjs/helpers.js:22:18)
2020-08-24T07:23:08.438Z | info | Server Has Started listening on PORT: 5000
2020-08-24T17:28:25.977Z | info | Server Has Started listening on PORT: 5000
2020-08-24T17:29:59.904Z | info | Server Has Started listening on PORT: 5000
2020-08-25T16:10:50.363Z | info | Server Has Started listening on PORT: 5000
2020-08-25T16:25:44.386Z | info | Server Has Started listening on PORT: 5000
2020-08-25T16:52:48.849Z | info | Server Has Started listening on PORT: 5000
2020-08-25T16:53:12.826Z | info | Server Has Started listening on PORT: 5000
2020-08-25T16:56:16.590Z | info | Server Has Started listening on PORT: 5000
2020-08-25T17:33:26.036Z | info | Server Has Started listening on PORT: 5000
2020-08-25T17:34:24.803Z | info | Server Has Started listening on PORT: 5000
2020-08-25T17:40:29.990Z | info | Server Has Started listening on PORT: 5000
2020-08-26T13:05:08.442Z | info | Server Has Started listening on PORT: 5000
2020-08-26T13:14:44.081Z | info | Server Has Started listening on PORT: 5000
2020-08-26T13:16:29.817Z | info | Server Has Started listening on PORT: 5000
2020-08-26T13:16:35.129Z | error | uncaughtException: Unexpected token u in JSON at position 0
SyntaxError: Unexpected token u in JSON at position 0
    at JSON.parse (<anonymous>)
    at Query.db.query (D:\UCSC\Group-Project-II\server\src\models\tec_team_model.js:356:22)
    at Query.<anonymous> (D:\UCSC\Group-Project-II\server\node_modules\mysql\lib\Connection.js:526:10)
    at Query._callback (D:\UCSC\Group-Project-II\server\node_modules\mysql\lib\Connection.js:488:16)
    at Query.Sequence.end (D:\UCSC\Group-Project-II\server\node_modules\mysql\lib\protocol\sequences\Sequence.js:83:24)
    at Query.ErrorPacket (D:\UCSC\Group-Project-II\server\node_modules\mysql\lib\protocol\sequences\Query.js:92:8)
    at Protocol._parsePacket (D:\UCSC\Group-Project-II\server\node_modules\mysql\lib\protocol\Protocol.js:291:23)
    at Parser._parsePacket (D:\UCSC\Group-Project-II\server\node_modules\mysql\lib\protocol\Parser.js:433:10)
    at Parser.write (D:\UCSC\Group-Project-II\server\node_modules\mysql\lib\protocol\Parser.js:43:10)
    at Protocol.write (D:\UCSC\Group-Project-II\server\node_modules\mysql\lib\protocol\Protocol.js:38:16)
2020-08-26T13:16:50.882Z | info | Server Has Started listening on PORT: 5000
2020-08-26T13:17:54.247Z | info | Server Has Started listening on PORT: 5000
2020-08-26T14:25:40.434Z | info | Server Has Started listening on PORT: 5000
2020-08-26T14:25:50.166Z | error | uncaughtException: Unexpected token u in JSON at position 0
SyntaxError: Unexpected token u in JSON at position 0
    at JSON.parse (<anonymous>)
    at Query.db.query (D:\UCSC\Group-Project-II\server\src\models\tec_team_model.js:357:22)
    at Query.<anonymous> (D:\UCSC\Group-Project-II\server\node_modules\mysql\lib\Connection.js:526:10)
    at Query._callback (D:\UCSC\Group-Project-II\server\node_modules\mysql\lib\Connection.js:488:16)
    at Query.Sequence.end (D:\UCSC\Group-Project-II\server\node_modules\mysql\lib\protocol\sequences\Sequence.js:83:24)
    at Query.ErrorPacket (D:\UCSC\Group-Project-II\server\node_modules\mysql\lib\protocol\sequences\Query.js:92:8)
    at Protocol._parsePacket (D:\UCSC\Group-Project-II\server\node_modules\mysql\lib\protocol\Protocol.js:291:23)
    at Parser._parsePacket (D:\UCSC\Group-Project-II\server\node_modules\mysql\lib\protocol\Parser.js:433:10)
    at Parser.write (D:\UCSC\Group-Project-II\server\node_modules\mysql\lib\protocol\Parser.js:43:10)
    at Protocol.write (D:\UCSC\Group-Project-II\server\node_modules\mysql\lib\protocol\Protocol.js:38:16)
2020-08-26T14:28:25.215Z | info | Server Has Started listening on PORT: 5000
2020-08-26T14:29:05.387Z | info | Server Has Started listening on PORT: 5000
2020-08-26T14:30:43.480Z | info | Server Has Started listening on PORT: 5000
2020-08-26T14:31:52.181Z | info | Server Has Started listening on PORT: 5000
2020-08-26T14:35:27.935Z | info | Server Has Started listening on PORT: 5000
=======
2020-08-26T08:52:28.016Z | info | Server Has Started listening on PORT: 5000
<<<<<<< HEAD
2020-08-26T16:34:29.611Z | error | uncaughtException: Cannot find module 'formidable'
=======
>>>>>>> 5ac5edb45b9e6ae22c85fdced1aaa8f80dfeece2
2020-08-26T16:31:19.886Z | error | uncaughtException: Cannot find module 'formidable'
>>>>>>> f0697a9cd211151673fe0c358b34ad3cc5c376f9
Error: Cannot find module 'formidable'
    at Function.Module._resolveFilename (internal/modules/cjs/loader.js:581:15)
    at Function.Module._load (internal/modules/cjs/loader.js:507:25)
    at Module.require (internal/modules/cjs/loader.js:637:17)
    at require (internal/modules/cjs/helpers.js:22:18)
    at Object.<anonymous> (D:\UCSC\Group-Project-II\server\src\api\routes\supplier.js:3:20)
    at Module._compile (internal/modules/cjs/loader.js:689:30)
    at Object.Module._extensions..js (internal/modules/cjs/loader.js:700:10)
    at Module.load (internal/modules/cjs/loader.js:599:32)
    at tryModuleLoad (internal/modules/cjs/loader.js:538:12)
    at Function.Module._load (internal/modules/cjs/loader.js:530:3)
<<<<<<< HEAD
2020-08-26T16:34:45.346Z | error | uncaughtException: Cannot find module 'formidable'
Error: Cannot find module 'formidable'
    at Function.Module._resolveFilename (internal/modules/cjs/loader.js:581:15)
    at Function.Module._load (internal/modules/cjs/loader.js:507:25)
    at Module.require (internal/modules/cjs/loader.js:637:17)
    at require (internal/modules/cjs/helpers.js:22:18)
    at Object.<anonymous> (D:\UCSC\Group-Project-II\server\src\api\routes\supplier.js:3:20)
    at Module._compile (internal/modules/cjs/loader.js:689:30)
    at Object.Module._extensions..js (internal/modules/cjs/loader.js:700:10)
    at Module.load (internal/modules/cjs/loader.js:599:32)
    at tryModuleLoad (internal/modules/cjs/loader.js:538:12)
    at Function.Module._load (internal/modules/cjs/loader.js:530:3)
2020-08-26T16:35:10.241Z | error | uncaughtException: Cannot find module 'formidable'
Error: Cannot find module 'formidable'
    at Function.Module._resolveFilename (internal/modules/cjs/loader.js:581:15)
    at Function.Module._load (internal/modules/cjs/loader.js:507:25)
    at Module.require (internal/modules/cjs/loader.js:637:17)
    at require (internal/modules/cjs/helpers.js:22:18)
    at Object.<anonymous> (D:\UCSC\Group-Project-II\server\src\api\routes\supplier.js:3:20)
    at Module._compile (internal/modules/cjs/loader.js:689:30)
    at Object.Module._extensions..js (internal/modules/cjs/loader.js:700:10)
    at Module.load (internal/modules/cjs/loader.js:599:32)
    at tryModuleLoad (internal/modules/cjs/loader.js:538:12)
    at Function.Module._load (internal/modules/cjs/loader.js:530:3)
2020-08-26T16:35:50.264Z | info | Server Has Started listening on PORT: 5000
=======
>>>>>>> f0697a9cd211151673fe0c358b34ad3cc5c376f9
2020-08-26T16:42:55.979Z | info | Server Has Started listening on PORT: 5000
2020-08-26T17:44:28.827Z | info | Server Has Started listening on PORT: 5000
2020-08-26T17:44:31.537Z | info | Server Has Started listening on PORT: 5000
2020-08-31T19:26:24.992Z | error | uncaughtException: Cannot find module 'firebase'
Error: Cannot find module 'firebase'
    at Function.Module._resolveFilename (internal/modules/cjs/loader.js:581:15)
    at Function.Module._load (internal/modules/cjs/loader.js:507:25)
    at Module.require (internal/modules/cjs/loader.js:637:17)
    at require (internal/modules/cjs/helpers.js:22:18)
    at Object.<anonymous> (D:\UCSC\Group-Project-II\server\src\loaders\firebase.js:1:80)
    at Module._compile (internal/modules/cjs/loader.js:689:30)
    at Object.Module._extensions..js (internal/modules/cjs/loader.js:700:10)
    at Module.load (internal/modules/cjs/loader.js:599:32)
    at tryModuleLoad (internal/modules/cjs/loader.js:538:12)
    at Function.Module._load (internal/modules/cjs/loader.js:530:3)
2020-10-05T07:45:24.979Z | info | Server Has Started listening on PORT: 5000
2020-10-05T07:45:25.860Z | info | >> Firebase Initialized | Ayubowan!, I'm Working
2020-10-05T07:45:25.867Z | info | Listening for Decrypted Bids Begin...
2020-10-05T07:45:26.372Z | info | Received query snapshot of size 4
2020-10-05T08:08:52.597Z | info | Server Has Started listening on PORT: 5000
2020-10-05T08:08:53.271Z | info | >> Firebase Initialized | Ayubowan!, I'm Working
2020-10-05T08:08:53.274Z | info | Listening for Decrypted Bids Begin...
2020-10-05T08:08:53.691Z | info | Received query snapshot of size 4
2020-10-05T08:15:00.507Z | info | Server Has Started listening on PORT: 5000
2020-10-05T08:15:01.266Z | info | >> Firebase Initialized | Ayubowan!, I'm Working
2020-10-05T08:15:01.272Z | info | Listening for Decrypted Bids Begin...
2020-10-05T08:15:01.666Z | info | Received query snapshot of size 4
2020-10-05T08:15:19.165Z | info | Admin --> GET /registrations/year?year=2020 invoked
2020-10-05T08:15:22.705Z | info | Admin --> GET /requisitions Invoked
2020-10-05T08:15:26.156Z | info | Admin --> GET /procurements/status invoked
2020-10-05T08:15:32.681Z | info | Admin --> GET /users invoked
2020-10-05T08:16:00.326Z | info | Admin --> GET /requisitions Invoked
2020-10-05T08:21:05.973Z | info | Admin --> GET /requisitions Invoked
2020-10-05T08:21:24.866Z | info | Admin --> GET /registrations/year?year=2020 invoked
2020-10-05T08:21:27.448Z | info | Admin --> GET /suppliers invoked
2020-10-05T08:24:44.107Z | info | Server Has Started listening on PORT: 5000
2020-10-05T08:24:46.236Z | info | >> Firebase Initialized | Ayubowan!, I'm Working
2020-10-05T08:24:46.240Z | info | Listening for Decrypted Bids Begin...
2020-10-05T08:24:46.626Z | info | Received query snapshot of size 4
2020-10-05T08:27:44.227Z | info | Server Has Started listening on PORT: 5000
2020-10-05T08:27:44.908Z | info | >> Firebase Initialized | Ayubowan!, I'm Working
2020-10-05T08:27:44.911Z | info | Listening for Decrypted Bids Begin...
2020-10-05T08:27:45.329Z | info | Received query snapshot of size 4
2020-10-05T08:28:50.005Z | info | Server Has Started listening on PORT: 5000
2020-10-05T08:28:50.728Z | info | >> Firebase Initialized | Ayubowan!, I'm Working
2020-10-05T08:28:50.739Z | info | Listening for Decrypted Bids Begin...
2020-10-05T08:28:51.243Z | info | Received query snapshot of size 4
2020-10-05T08:36:00.385Z | info | Server Has Started listening on PORT: 5000
2020-10-05T08:36:01.142Z | info | >> Firebase Initialized | Ayubowan!, I'm Working
2020-10-05T08:36:01.190Z | info | Listening for Decrypted Bids Begin...
2020-10-05T08:36:01.930Z | info | Received query snapshot of size 4
2020-10-05T08:39:47.213Z | info | Server Has Started listening on PORT: 5000
2020-10-05T08:39:47.964Z | info | >> Firebase Initialized | Ayubowan!, I'm Working
2020-10-05T08:39:47.974Z | info | Listening for Decrypted Bids Begin...
2020-10-05T08:39:48.465Z | info | Received query snapshot of size 4
2020-10-05T08:42:47.191Z | info | Server Has Started listening on PORT: 5000
2020-10-05T08:42:47.982Z | info | >> Firebase Initialized | Ayubowan!, I'm Working
2020-10-05T08:42:48.080Z | info | Listening for Decrypted Bids Begin...
2020-10-05T08:42:49.106Z | info | Received query snapshot of size 4
2020-10-05T08:43:16.695Z | error | uncaughtException: Connection already released
Error: Connection already released
    at Pool.releaseConnection (C:\Users\Sachini Nayanathara\Documents\Projects\GroupProject2\server\node_modules\mysql\lib\Pool.js:138:13)
    at PoolConnection.release (C:\Users\Sachini Nayanathara\Documents\Projects\GroupProject2\server\node_modules\mysql\lib\PoolConnection.js:35:15)
    at Query.<anonymous> (C:\Users\Sachini Nayanathara\Documents\Projects\GroupProject2\server\node_modules\mysql\lib\Pool.js:211:12)
    at Object.onceWrapper (events.js:299:28)
    at Query.emit (events.js:215:7)
    at Query.Sequence.end (C:\Users\Sachini Nayanathara\Documents\Projects\GroupProject2\server\node_modules\mysql\lib\protocol\sequences\Sequence.js:86:12)
    at Query._handleFinalResultPacket (C:\Users\Sachini Nayanathara\Documents\Projects\GroupProject2\server\node_modules\mysql\lib\protocol\sequences\Query.js:149:8)
    at Query.OkPacket (C:\Users\Sachini Nayanathara\Documents\Projects\GroupProject2\server\node_modules\mysql\lib\protocol\sequences\Query.js:74:10)
    at Protocol._parsePacket (C:\Users\Sachini Nayanathara\Documents\Projects\GroupProject2\server\node_modules\mysql\lib\protocol\Protocol.js:291:23)
    at Parser._parsePacket (C:\Users\Sachini Nayanathara\Documents\Projects\GroupProject2\server\node_modules\mysql\lib\protocol\Parser.js:433:10)
2020-10-05T15:01:07.648Z | info | Server Has Started listening on PORT: 5000
2020-10-05T15:01:08.234Z | info | >> Firebase Initialized | Ayubowan!, I'm Working
2020-10-05T15:01:08.236Z | info | Listening for Decrypted Bids Begin...
2020-10-05T15:01:08.621Z | info | Received query snapshot of size 4
2020-10-06T01:47:18.523Z | info | Server Has Started listening on PORT: 5000
2020-10-06T01:47:19.051Z | info | >> Firebase Initialized | Ayubowan!, I'm Working
2020-10-06T01:47:19.053Z | info | Listening for Decrypted Bids Begin...
2020-10-06T01:47:19.461Z | info | Received query snapshot of size 4
2020-10-06T12:23:45.809Z | info | Server Has Started listening on PORT: 5000
2020-10-06T12:23:46.457Z | info | >> Firebase Initialized | Ayubowan!, I'm Working
2020-10-06T12:23:46.458Z | info | Listening for Decrypted Bids Begin...
2020-10-06T12:23:46.831Z | info | Received query snapshot of size 4
2020-10-06T12:32:20.975Z | info | Server Has Started listening on PORT: 5000
2020-10-06T12:32:21.595Z | info | >> Firebase Initialized | Ayubowan!, I'm Working
2020-10-06T12:32:21.597Z | info | Listening for Decrypted Bids Begin...
2020-10-06T12:32:21.983Z | info | Received query snapshot of size 4
2020-10-06T16:34:04.803Z | info | Server Has Started listening on PORT: 5000
2020-10-06T16:34:05.473Z | info | >> Firebase Initialized | Ayubowan!, I'm Working
2020-10-06T16:34:05.474Z | info | Listening for Decrypted Bids Begin...
2020-10-06T16:34:05.866Z | info | Received query snapshot of size 4
2020-10-06T16:37:57.730Z | info | Server Has Started listening on PORT: 5000
2020-10-06T16:37:58.394Z | info | >> Firebase Initialized | Ayubowan!, I'm Working
2020-10-06T16:37:58.396Z | info | Listening for Decrypted Bids Begin...
2020-10-06T16:37:58.791Z | info | Received query snapshot of size 4
2020-10-06T17:35:52.746Z | info | Server Has Started listening on PORT: 5000
2020-10-06T17:35:53.354Z | info | >> Firebase Initialized | Ayubowan!, I'm Working
2020-10-06T17:35:53.356Z | info | Listening for Decrypted Bids Begin...
2020-10-06T17:35:53.719Z | info | Received query snapshot of size 4
2020-10-06T17:45:59.900Z | info | Server Has Started listening on PORT: 5000
2020-10-06T17:46:00.508Z | info | >> Firebase Initialized | Ayubowan!, I'm Working
2020-10-06T17:46:00.509Z | info | Listening for Decrypted Bids Begin...
2020-10-06T17:46:00.925Z | info | Received query snapshot of size 4
2020-10-06T18:49:04.752Z | info | Server Has Started listening on PORT: 5000
2020-10-06T18:49:05.385Z | info | >> Firebase Initialized | Ayubowan!, I'm Working
2020-10-06T18:49:05.386Z | info | Listening for Decrypted Bids Begin...
2020-10-06T18:49:05.761Z | info | Received query snapshot of size 4
2020-10-06T19:25:16.651Z | info | Server Has Started listening on PORT: 5000
2020-10-06T19:25:17.310Z | info | >> Firebase Initialized | Ayubowan!, I'm Working
2020-10-06T19:25:17.312Z | info | Listening for Decrypted Bids Begin...
2020-10-06T19:25:17.657Z | info | Received query snapshot of size 4
2020-10-06T19:35:35.514Z | info | Server Has Started listening on PORT: 5000
2020-10-06T19:35:36.142Z | info | >> Firebase Initialized | Ayubowan!, I'm Working
2020-10-06T19:35:36.143Z | info | Listening for Decrypted Bids Begin...
2020-10-06T19:35:36.511Z | info | Received query snapshot of size 4
2020-10-07T01:09:15.570Z | info | Server Has Started listening on PORT: 5000
2020-10-07T01:09:17.165Z | info | >> Firebase Initialized | Ayubowan!, I'm Working
2020-10-07T01:09:17.166Z | info | Listening for Decrypted Bids Begin...
2020-10-07T01:09:17.543Z | info | Received query snapshot of size 4
2020-10-07T01:09:21.382Z | error | uncaughtException: results is not defined
ReferenceError: results is not defined
    at D:\Projects\project\server\src\models\hod_model.js:148:41
    at Handshake.onConnect (D:\Projects\project\server\node_modules\mysql\lib\Pool.js:64:7)
    at Handshake.<anonymous> (D:\Projects\project\server\node_modules\mysql\lib\Connection.js:526:10)
    at Handshake._callback (D:\Projects\project\server\node_modules\mysql\lib\Connection.js:488:16)
    at Handshake.Sequence.end (D:\Projects\project\server\node_modules\mysql\lib\protocol\sequences\Sequence.js:83:24)
    at Handshake.Sequence.OkPacket (D:\Projects\project\server\node_modules\mysql\lib\protocol\sequences\Sequence.js:92:8)
    at Protocol._parsePacket (D:\Projects\project\server\node_modules\mysql\lib\protocol\Protocol.js:291:23)
    at Parser._parsePacket (D:\Projects\project\server\node_modules\mysql\lib\protocol\Parser.js:433:10)
    at Parser.write (D:\Projects\project\server\node_modules\mysql\lib\protocol\Parser.js:43:10)
    at Protocol.write (D:\Projects\project\server\node_modules\mysql\lib\protocol\Protocol.js:38:16)
2020-10-07T01:10:15.200Z | info | Server Has Started listening on PORT: 5000
2020-10-07T01:10:15.887Z | info | >> Firebase Initialized | Ayubowan!, I'm Working
2020-10-07T01:10:15.889Z | info | Listening for Decrypted Bids Begin...
2020-10-07T01:10:16.365Z | info | Received query snapshot of size 4
2020-10-07T01:10:18.927Z | error | uncaughtException: results is not defined
ReferenceError: results is not defined
    at D:\Projects\project\server\src\models\hod_model.js:148:41
    at Handshake.onConnect (D:\Projects\project\server\node_modules\mysql\lib\Pool.js:64:7)
    at Handshake.<anonymous> (D:\Projects\project\server\node_modules\mysql\lib\Connection.js:526:10)
    at Handshake._callback (D:\Projects\project\server\node_modules\mysql\lib\Connection.js:488:16)
    at Handshake.Sequence.end (D:\Projects\project\server\node_modules\mysql\lib\protocol\sequences\Sequence.js:83:24)
    at Handshake.Sequence.OkPacket (D:\Projects\project\server\node_modules\mysql\lib\protocol\sequences\Sequence.js:92:8)
    at Protocol._parsePacket (D:\Projects\project\server\node_modules\mysql\lib\protocol\Protocol.js:291:23)
    at Parser._parsePacket (D:\Projects\project\server\node_modules\mysql\lib\protocol\Parser.js:433:10)
    at Parser.write (D:\Projects\project\server\node_modules\mysql\lib\protocol\Parser.js:43:10)
    at Protocol.write (D:\Projects\project\server\node_modules\mysql\lib\protocol\Protocol.js:38:16)
2020-10-07T01:10:29.537Z | info | Server Has Started listening on PORT: 5000
2020-10-07T01:10:30.055Z | info | >> Firebase Initialized | Ayubowan!, I'm Working
2020-10-07T01:10:30.056Z | info | Listening for Decrypted Bids Begin...
2020-10-07T01:10:30.426Z | info | Received query snapshot of size 4
2020-10-07T01:30:52.592Z | info | Server Has Started listening on PORT: 5000
2020-10-07T01:30:53.153Z | info | >> Firebase Initialized | Ayubowan!, I'm Working
2020-10-07T01:30:53.154Z | info | Listening for Decrypted Bids Begin...
2020-10-07T01:30:53.513Z | info | Received query snapshot of size 4
2020-10-07T01:32:50.445Z | error | uncaughtException: data.forEach is not a function
TypeError: data.forEach is not a function
    at D:\Projects\project\server\src\models\hod_model.js:142:12
    at Ping.onOperationComplete (D:\Projects\project\server\node_modules\mysql\lib\Pool.js:110:5)
    at Ping.<anonymous> (D:\Projects\project\server\node_modules\mysql\lib\Connection.js:526:10)
    at Ping._callback (D:\Projects\project\server\node_modules\mysql\lib\Connection.js:488:16)
    at Ping.Sequence.end (D:\Projects\project\server\node_modules\mysql\lib\protocol\sequences\Sequence.js:83:24)
    at Ping.Sequence.OkPacket (D:\Projects\project\server\node_modules\mysql\lib\protocol\sequences\Sequence.js:92:8)
    at Protocol._parsePacket (D:\Projects\project\server\node_modules\mysql\lib\protocol\Protocol.js:291:23)
    at Parser._parsePacket (D:\Projects\project\server\node_modules\mysql\lib\protocol\Parser.js:433:10)
    at Parser.write (D:\Projects\project\server\node_modules\mysql\lib\protocol\Parser.js:43:10)
    at Protocol.write (D:\Projects\project\server\node_modules\mysql\lib\protocol\Protocol.js:38:16)
2020-10-07T01:58:53.240Z | info | Server Has Started listening on PORT: 5000
2020-10-07T01:58:53.833Z | info | >> Firebase Initialized | Ayubowan!, I'm Working
2020-10-07T01:58:53.834Z | info | Listening for Decrypted Bids Begin...
2020-10-07T01:58:54.202Z | info | Received query snapshot of size 4
