2020-10-07T02:30:45.188Z | error | uncaughtException: Cannot read property 'forEach' of undefined
TypeError: Cannot read property 'forEach' of undefined
    at D:\Projects\project\server\src\models\hod_model.js:142:25
    at Ping.onOperationComplete (D:\Projects\project\server\node_modules\mysql\lib\Pool.js:110:5)
    at Ping.<anonymous> (D:\Projects\project\server\node_modules\mysql\lib\Connection.js:526:10)
    at Ping._callback (D:\Projects\project\server\node_modules\mysql\lib\Connection.js:488:16)
    at Ping.Sequence.end (D:\Projects\project\server\node_modules\mysql\lib\protocol\sequences\Sequence.js:83:24)
    at Ping.Sequence.OkPacket (D:\Projects\project\server\node_modules\mysql\lib\protocol\sequences\Sequence.js:92:8)
    at Protocol._parsePacket (D:\Projects\project\server\node_modules\mysql\lib\protocol\Protocol.js:291:23)
    at Parser._parsePacket (D:\Projects\project\server\node_modules\mysql\lib\protocol\Parser.js:433:10)
    at Parser.write (D:\Projects\project\server\node_modules\mysql\lib\protocol\Parser.js:43:10)
    at Protocol.write (D:\Projects\project\server\node_modules\mysql\lib\protocol\Protocol.js:38:16)
2020-10-07T02:35:17.175Z | error | uncaughtException: Cannot read property 'forEach' of undefined
TypeError: Cannot read property 'forEach' of undefined
    at D:\Projects\project\server\src\models\hod_model.js:142:25
    at Handshake.onConnect (D:\Projects\project\server\node_modules\mysql\lib\Pool.js:64:7)
    at Handshake.<anonymous> (D:\Projects\project\server\node_modules\mysql\lib\Connection.js:526:10)
    at Handshake._callback (D:\Projects\project\server\node_modules\mysql\lib\Connection.js:488:16)
    at Handshake.Sequence.end (D:\Projects\project\server\node_modules\mysql\lib\protocol\sequences\Sequence.js:83:24)
    at Handshake.Sequence.OkPacket (D:\Projects\project\server\node_modules\mysql\lib\protocol\sequences\Sequence.js:92:8)
    at Protocol._parsePacket (D:\Projects\project\server\node_modules\mysql\lib\protocol\Protocol.js:291:23)
    at Parser._parsePacket (D:\Projects\project\server\node_modules\mysql\lib\protocol\Parser.js:433:10)
    at Parser.write (D:\Projects\project\server\node_modules\mysql\lib\protocol\Parser.js:43:10)
    at Protocol.write (D:\Projects\project\server\node_modules\mysql\lib\protocol\Protocol.js:38:16)
