::1 | - | [Wed, 26 Aug 2020 18:31:03 GMT] | OPTIONS /api/director/get_suppliers | HTTP/1.1 | 204 | 0 | http://localhost:8080/director/suppliers | Mozilla/5.0 (Windows NT 10.0; Win64; x64) AppleWebKit/537.36 (KHTML, like Gecko) Chrome/84.0.4147.135 Safari/537.36 | 0.129 ms | 0.439 |
::1 | - | [Wed, 26 Aug 2020 18:31:03 GMT] | GET /api/director/get_suppliers | HTTP/1.1 | 200 | - | http://localhost:8080/director/suppliers | Mozilla/5.0 (Windows NT 10.0; Win64; x64) AppleWebKit/537.36 (KHTML, like Gecko) Chrome/84.0.4147.135 Safari/537.36 | 9.238 ms | 9.416 |
::1 | - | [Wed, 26 Aug 2020 18:31:05 GMT] | OPTIONS /api/director/get_requisition_requests | HTTP/1.1 | 204 | 0 | http://localhost:8080/director/notifications | Mozilla/5.0 (Windows NT 10.0; Win64; x64) AppleWebKit/537.36 (KHTML, like Gecko) Chrome/84.0.4147.135 Safari/537.36 | 0.070 ms | 0.257 |
::1 | - | [Wed, 26 Aug 2020 18:31:05 GMT] | OPTIONS /api/director/get_tec_appointment_requests | HTTP/1.1 | 204 | 0 | http://localhost:8080/director/notifications | Mozilla/5.0 (Windows NT 10.0; Win64; x64) AppleWebKit/537.36 (KHTML, like Gecko) Chrome/84.0.4147.135 Safari/537.36 | 0.103 ms | 0.286 |
::1 | - | [Wed, 26 Aug 2020 18:31:05 GMT] | GET /api/director/get_tec_appointment_requests | HTTP/1.1 | 200 | - | http://localhost:8080/director/notifications | Mozilla/5.0 (Windows NT 10.0; Win64; x64) AppleWebKit/537.36 (KHTML, like Gecko) Chrome/84.0.4147.135 Safari/537.36 | 12.476 ms | 12.648 |
::1 | - | [Wed, 26 Aug 2020 18:31:05 GMT] | GET /api/director/get_requisition_requests | HTTP/1.1 | 200 | - | http://localhost:8080/director/notifications | Mozilla/5.0 (Windows NT 10.0; Win64; x64) AppleWebKit/537.36 (KHTML, like Gecko) Chrome/84.0.4147.135 Safari/537.36 | 28.210 ms | 28.441 |
::1 | - | [Wed, 26 Aug 2020 18:34:23 GMT] | OPTIONS /api/director/procurements | HTTP/1.1 | 204 | 0 | http://localhost:8080/director | Mozilla/5.0 (Windows NT 10.0; Win64; x64) AppleWebKit/537.36 (KHTML, like Gecko) Chrome/84.0.4147.135 Safari/537.36 | 0.097 ms | 0.282 |
::1 | - | [Wed, 26 Aug 2020 18:34:23 GMT] | OPTIONS /api/director/get_suppliers | HTTP/1.1 | 204 | 0 | http://localhost:8080/director | Mozilla/5.0 (Windows NT 10.0; Win64; x64) AppleWebKit/537.36 (KHTML, like Gecko) Chrome/84.0.4147.135 Safari/537.36 | 0.087 ms | 0.311 |
::1 | - | [Wed, 26 Aug 2020 18:34:23 GMT] | GET /api/director/get_suppliers | HTTP/1.1 | 200 | - | http://localhost:8080/director | Mozilla/5.0 (Windows NT 10.0; Win64; x64) AppleWebKit/537.36 (KHTML, like Gecko) Chrome/84.0.4147.135 Safari/537.36 | 11.572 ms | 11.832 |
::1 | - | [Wed, 26 Aug 2020 18:34:24 GMT] | GET /api/director/procurements | HTTP/1.1 | 200 | - | http://localhost:8080/director | Mozilla/5.0 (Windows NT 10.0; Win64; x64) AppleWebKit/537.36 (KHTML, like Gecko) Chrome/84.0.4147.135 Safari/537.36 | 39.079 ms | 39.305 |
::1 | - | [Wed, 26 Aug 2020 18:34:24 GMT] | OPTIONS /api/director/get_recent_products | HTTP/1.1 | 204 | 0 | http://localhost:8080/director | Mozilla/5.0 (Windows NT 10.0; Win64; x64) AppleWebKit/537.36 (KHTML, like Gecko) Chrome/84.0.4147.135 Safari/537.36 | 0.117 ms | 0.362 |
::1 | - | [Wed, 26 Aug 2020 18:34:24 GMT] | OPTIONS /api/director/get_approved_requisitions | HTTP/1.1 | 204 | 0 | http://localhost:8080/director | Mozilla/5.0 (Windows NT 10.0; Win64; x64) AppleWebKit/537.36 (KHTML, like Gecko) Chrome/84.0.4147.135 Safari/537.36 | 0.104 ms | 0.329 |
::1 | - | [Wed, 26 Aug 2020 18:34:24 GMT] | GET /api/director/procurements | HTTP/1.1 | 200 | - | http://localhost:8080/director | Mozilla/5.0 (Windows NT 10.0; Win64; x64) AppleWebKit/537.36 (KHTML, like Gecko) Chrome/84.0.4147.135 Safari/537.36 | 27.413 ms | 27.667 |
::1 | - | [Wed, 26 Aug 2020 18:34:24 GMT] | GET /api/director/get_recent_products | HTTP/1.1 | 200 | - | http://localhost:8080/director | Mozilla/5.0 (Windows NT 10.0; Win64; x64) AppleWebKit/537.36 (KHTML, like Gecko) Chrome/84.0.4147.135 Safari/537.36 | 26.065 ms | 26.250 |
::1 | - | [Wed, 26 Aug 2020 18:34:24 GMT] | GET /api/director/get_approved_requisitions | HTTP/1.1 | 200 | - | http://localhost:8080/director | Mozilla/5.0 (Windows NT 10.0; Win64; x64) AppleWebKit/537.36 (KHTML, like Gecko) Chrome/84.0.4147.135 Safari/537.36 | 42.965 ms | 43.123 |
::1 | - | [Wed, 26 Aug 2020 18:39:59 GMT] | OPTIONS /api/director/get_requisition_requests | HTTP/1.1 | 204 | 0 | http://localhost:8080/director | Mozilla/5.0 (Windows NT 10.0; Win64; x64) AppleWebKit/537.36 (KHTML, like Gecko) Chrome/84.0.4147.135 Safari/537.36 | 0.079 ms | 0.256 |
::1 | - | [Wed, 26 Aug 2020 18:39:59 GMT] | OPTIONS /api/director/get_tec_appointment_requests | HTTP/1.1 | 204 | 0 | http://localhost:8080/director | Mozilla/5.0 (Windows NT 10.0; Win64; x64) AppleWebKit/537.36 (KHTML, like Gecko) Chrome/84.0.4147.135 Safari/537.36 | 0.101 ms | 0.268 |
::1 | - | [Wed, 26 Aug 2020 18:39:59 GMT] | GET /api/director/get_tec_appointment_requests | HTTP/1.1 | 200 | - | http://localhost:8080/director | Mozilla/5.0 (Windows NT 10.0; Win64; x64) AppleWebKit/537.36 (KHTML, like Gecko) Chrome/84.0.4147.135 Safari/537.36 | 11.173 ms | 11.310 |
::1 | - | [Wed, 26 Aug 2020 18:39:59 GMT] | GET /api/director/get_requisition_requests | HTTP/1.1 | 200 | - | http://localhost:8080/director | Mozilla/5.0 (Windows NT 10.0; Win64; x64) AppleWebKit/537.36 (KHTML, like Gecko) Chrome/84.0.4147.135 Safari/537.36 | 24.494 ms | 24.716 |
::1 | - | [Wed, 26 Aug 2020 18:42:42 GMT] | OPTIONS /api/director/get_requisition_requests | HTTP/1.1 | 204 | 0 | http://localhost:8080/director/procurements | Mozilla/5.0 (Windows NT 10.0; Win64; x64) AppleWebKit/537.36 (KHTML, like Gecko) Chrome/84.0.4147.135 Safari/537.36 | 0.147 ms | 0.678 |
::1 | - | [Wed, 26 Aug 2020 18:42:42 GMT] | OPTIONS /api/director/get_tec_appointment_requests | HTTP/1.1 | 204 | 0 | http://localhost:8080/director/procurements | Mozilla/5.0 (Windows NT 10.0; Win64; x64) AppleWebKit/537.36 (KHTML, like Gecko) Chrome/84.0.4147.135 Safari/537.36 | 0.062 ms | 0.216 |
::1 | - | [Wed, 26 Aug 2020 18:42:42 GMT] | OPTIONS /api/director/procurements | HTTP/1.1 | 204 | 0 | http://localhost:8080/director/procurements | Mozilla/5.0 (Windows NT 10.0; Win64; x64) AppleWebKit/537.36 (KHTML, like Gecko) Chrome/84.0.4147.135 Safari/537.36 | 0.100 ms | 0.291 |
::1 | - | [Wed, 26 Aug 2020 18:42:42 GMT] | GET /api/director/get_requisition_requests | HTTP/1.1 | 200 | - | http://localhost:8080/director/procurements | Mozilla/5.0 (Windows NT 10.0; Win64; x64) AppleWebKit/537.36 (KHTML, like Gecko) Chrome/84.0.4147.135 Safari/537.36 | 72.889 ms | 73.065 |
::1 | - | [Wed, 26 Aug 2020 18:42:42 GMT] | GET /api/director/get_tec_appointment_requests | HTTP/1.1 | 200 | - | http://localhost:8080/director/procurements | Mozilla/5.0 (Windows NT 10.0; Win64; x64) AppleWebKit/537.36 (KHTML, like Gecko) Chrome/84.0.4147.135 Safari/537.36 | 90.514 ms | 90.779 |
::1 | - | [Wed, 26 Aug 2020 18:42:42 GMT] | GET /api/director/procurements | HTTP/1.1 | 200 | - | http://localhost:8080/director/procurements | Mozilla/5.0 (Windows NT 10.0; Win64; x64) AppleWebKit/537.36 (KHTML, like Gecko) Chrome/84.0.4147.135 Safari/537.36 | 120.500 ms | 120.680 |
::1 | - | [Wed, 26 Aug 2020 18:42:46 GMT] | OPTIONS /api/director/get_suppliers | HTTP/1.1 | 204 | 0 | http://localhost:8080/director | Mozilla/5.0 (Windows NT 10.0; Win64; x64) AppleWebKit/537.36 (KHTML, like Gecko) Chrome/84.0.4147.135 Safari/537.36 | 0.117 ms | 0.383 |
::1 | - | [Wed, 26 Aug 2020 18:42:46 GMT] | GET /api/director/procurements | HTTP/1.1 | 200 | - | http://localhost:8080/director | Mozilla/5.0 (Windows NT 10.0; Win64; x64) AppleWebKit/537.36 (KHTML, like Gecko) Chrome/84.0.4147.135 Safari/537.36 | 46.805 ms | 47.048 |
::1 | - | [Wed, 26 Aug 2020 18:42:46 GMT] | GET /api/director/get_suppliers | HTTP/1.1 | 200 | - | http://localhost:8080/director | Mozilla/5.0 (Windows NT 10.0; Win64; x64) AppleWebKit/537.36 (KHTML, like Gecko) Chrome/84.0.4147.135 Safari/537.36 | 60.341 ms | 60.522 |
::1 | - | [Wed, 26 Aug 2020 18:42:46 GMT] | OPTIONS /api/director/get_recent_products | HTTP/1.1 | 204 | 0 | http://localhost:8080/director | Mozilla/5.0 (Windows NT 10.0; Win64; x64) AppleWebKit/537.36 (KHTML, like Gecko) Chrome/84.0.4147.135 Safari/537.36 | 0.079 ms | 0.439 |
::1 | - | [Wed, 26 Aug 2020 18:42:46 GMT] | OPTIONS /api/director/get_approved_requisitions | HTTP/1.1 | 204 | 0 | http://localhost:8080/director | Mozilla/5.0 (Windows NT 10.0; Win64; x64) AppleWebKit/537.36 (KHTML, like Gecko) Chrome/84.0.4147.135 Safari/537.36 | 0.056 ms | 0.262 |
::1 | - | [Wed, 26 Aug 2020 18:42:46 GMT] | GET /api/director/procurements | HTTP/1.1 | 200 | - | http://localhost:8080/director | Mozilla/5.0 (Windows NT 10.0; Win64; x64) AppleWebKit/537.36 (KHTML, like Gecko) Chrome/84.0.4147.135 Safari/537.36 | 28.527 ms | 28.687 |
::1 | - | [Wed, 26 Aug 2020 18:42:46 GMT] | GET /api/director/get_recent_products | HTTP/1.1 | 200 | - | http://localhost:8080/director | Mozilla/5.0 (Windows NT 10.0; Win64; x64) AppleWebKit/537.36 (KHTML, like Gecko) Chrome/84.0.4147.135 Safari/537.36 | 25.484 ms | 25.762 |
::1 | - | [Wed, 26 Aug 2020 18:42:46 GMT] | GET /api/director/get_approved_requisitions | HTTP/1.1 | 200 | - | http://localhost:8080/director | Mozilla/5.0 (Windows NT 10.0; Win64; x64) AppleWebKit/537.36 (KHTML, like Gecko) Chrome/84.0.4147.135 Safari/537.36 | 41.238 ms | 41.399 |
::1 | - | [Wed, 26 Aug 2020 18:42:48 GMT] | OPTIONS /api/director/get_requisition_requests | HTTP/1.1 | 204 | 0 | http://localhost:8080/director/notifications | Mozilla/5.0 (Windows NT 10.0; Win64; x64) AppleWebKit/537.36 (KHTML, like Gecko) Chrome/84.0.4147.135 Safari/537.36 | 0.116 ms | 0.495 |
::1 | - | [Wed, 26 Aug 2020 18:42:48 GMT] | OPTIONS /api/director/get_tec_appointment_requests | HTTP/1.1 | 204 | 0 | http://localhost:8080/director/notifications | Mozilla/5.0 (Windows NT 10.0; Win64; x64) AppleWebKit/537.36 (KHTML, like Gecko) Chrome/84.0.4147.135 Safari/537.36 | 0.057 ms | 0.202 |
::1 | - | [Wed, 26 Aug 2020 18:42:48 GMT] | GET /api/director/get_tec_appointment_requests | HTTP/1.1 | 200 | - | http://localhost:8080/director/notifications | Mozilla/5.0 (Windows NT 10.0; Win64; x64) AppleWebKit/537.36 (KHTML, like Gecko) Chrome/84.0.4147.135 Safari/537.36 | 12.155 ms | 12.282 |
::1 | - | [Wed, 26 Aug 2020 18:42:48 GMT] | GET /api/director/get_requisition_requests | HTTP/1.1 | 200 | - | http://localhost:8080/director/notifications | Mozilla/5.0 (Windows NT 10.0; Win64; x64) AppleWebKit/537.36 (KHTML, like Gecko) Chrome/84.0.4147.135 Safari/537.36 | 28.436 ms | 28.635 |
::1 | - | [Wed, 26 Aug 2020 18:42:51 GMT] | GET /api/director/get_tec_appointment_requests | HTTP/1.1 | 200 | - | http://localhost:8080/director/notifications | Mozilla/5.0 (Windows NT 10.0; Win64; x64) AppleWebKit/537.36 (KHTML, like Gecko) Chrome/84.0.4147.135 Safari/537.36 | 18.638 ms | 18.810 |
::1 | - | [Wed, 26 Aug 2020 18:42:51 GMT] | GET /api/director/get_requisition_requests | HTTP/1.1 | 200 | - | http://localhost:8080/director/notifications | Mozilla/5.0 (Windows NT 10.0; Win64; x64) AppleWebKit/537.36 (KHTML, like Gecko) Chrome/84.0.4147.135 Safari/537.36 | 36.564 ms | 36.755 |
::1 | - | [Wed, 26 Aug 2020 18:42:52 GMT] | GET /api/director/get_tec_appointment_requests | HTTP/1.1 | 200 | - | http://localhost:8080/director/notifications | Mozilla/5.0 (Windows NT 10.0; Win64; x64) AppleWebKit/537.36 (KHTML, like Gecko) Chrome/84.0.4147.135 Safari/537.36 | 14.047 ms | 14.206 |
::1 | - | [Wed, 26 Aug 2020 18:42:52 GMT] | GET /api/director/get_requisition_requests | HTTP/1.1 | 200 | - | http://localhost:8080/director/notifications | Mozilla/5.0 (Windows NT 10.0; Win64; x64) AppleWebKit/537.36 (KHTML, like Gecko) Chrome/84.0.4147.135 Safari/537.36 | 27.559 ms | 27.752 |
::1 | - | [Wed, 26 Aug 2020 18:42:53 GMT] | OPTIONS /api/director/procurements | HTTP/1.1 | 204 | 0 | http://localhost:8080/director | Mozilla/5.0 (Windows NT 10.0; Win64; x64) AppleWebKit/537.36 (KHTML, like Gecko) Chrome/84.0.4147.135 Safari/537.36 | 0.057 ms | 0.250 |
::1 | - | [Wed, 26 Aug 2020 18:42:53 GMT] | OPTIONS /api/director/get_suppliers | HTTP/1.1 | 204 | 0 | http://localhost:8080/director | Mozilla/5.0 (Windows NT 10.0; Win64; x64) AppleWebKit/537.36 (KHTML, like Gecko) Chrome/84.0.4147.135 Safari/537.36 | 0.048 ms | 0.257 |
::1 | - | [Wed, 26 Aug 2020 18:42:53 GMT] | GET /api/director/procurements | HTTP/1.1 | 200 | - | http://localhost:8080/director | Mozilla/5.0 (Windows NT 10.0; Win64; x64) AppleWebKit/537.36 (KHTML, like Gecko) Chrome/84.0.4147.135 Safari/537.36 | 27.937 ms | 28.073 |
::1 | - | [Wed, 26 Aug 2020 18:42:53 GMT] | GET /api/director/get_suppliers | HTTP/1.1 | 200 | - | http://localhost:8080/director | Mozilla/5.0 (Windows NT 10.0; Win64; x64) AppleWebKit/537.36 (KHTML, like Gecko) Chrome/84.0.4147.135 Safari/537.36 | 38.917 ms | 39.100 |
::1 | - | [Wed, 26 Aug 2020 18:42:53 GMT] | OPTIONS /api/director/get_recent_products | HTTP/1.1 | 204 | 0 | http://localhost:8080/director | Mozilla/5.0 (Windows NT 10.0; Win64; x64) AppleWebKit/537.36 (KHTML, like Gecko) Chrome/84.0.4147.135 Safari/537.36 | 0.050 ms | 0.190 |
::1 | - | [Wed, 26 Aug 2020 18:42:53 GMT] | OPTIONS /api/director/get_approved_requisitions | HTTP/1.1 | 204 | 0 | http://localhost:8080/director | Mozilla/5.0 (Windows NT 10.0; Win64; x64) AppleWebKit/537.36 (KHTML, like Gecko) Chrome/84.0.4147.135 Safari/537.36 | 0.058 ms | 0.179 |
::1 | - | [Wed, 26 Aug 2020 18:42:53 GMT] | GET /api/director/procurements | HTTP/1.1 | 200 | - | http://localhost:8080/director | Mozilla/5.0 (Windows NT 10.0; Win64; x64) AppleWebKit/537.36 (KHTML, like Gecko) Chrome/84.0.4147.135 Safari/537.36 | 26.204 ms | 26.329 |
::1 | - | [Wed, 26 Aug 2020 18:42:53 GMT] | GET /api/director/get_recent_products | HTTP/1.1 | 200 | - | http://localhost:8080/director | Mozilla/5.0 (Windows NT 10.0; Win64; x64) AppleWebKit/537.36 (KHTML, like Gecko) Chrome/84.0.4147.135 Safari/537.36 | 25.926 ms | 26.279 |
::1 | - | [Wed, 26 Aug 2020 18:42:53 GMT] | GET /api/director/get_approved_requisitions | HTTP/1.1 | 200 | - | http://localhost:8080/director | Mozilla/5.0 (Windows NT 10.0; Win64; x64) AppleWebKit/537.36 (KHTML, like Gecko) Chrome/84.0.4147.135 Safari/537.36 | 44.689 ms | 44.860 |
::1 | - | [Wed, 26 Aug 2020 18:44:00 GMT] | OPTIONS /api/director/procurements | HTTP/1.1 | 204 | 0 | http://localhost:8080/director/procurements | Mozilla/5.0 (Windows NT 10.0; Win64; x64) AppleWebKit/537.36 (KHTML, like Gecko) Chrome/84.0.4147.135 Safari/537.36 | 0.071 ms | 0.329 |
::1 | - | [Wed, 26 Aug 2020 18:44:01 GMT] | GET /api/director/procurements | HTTP/1.1 | 200 | - | http://localhost:8080/director/procurements | Mozilla/5.0 (Windows NT 10.0; Win64; x64) AppleWebKit/537.36 (KHTML, like Gecko) Chrome/84.0.4147.135 Safari/537.36 | 23.341 ms | 23.513 |
::1 | - | [Wed, 26 Aug 2020 18:44:04 GMT] | OPTIONS /api/director/get_suppliers | HTTP/1.1 | 204 | 0 | http://localhost:8080/director/suppliers | Mozilla/5.0 (Windows NT 10.0; Win64; x64) AppleWebKit/537.36 (KHTML, like Gecko) Chrome/84.0.4147.135 Safari/537.36 | 0.080 ms | 0.315 |
::1 | - | [Wed, 26 Aug 2020 18:44:04 GMT] | GET /api/director/get_suppliers | HTTP/1.1 | 200 | - | http://localhost:8080/director/suppliers | Mozilla/5.0 (Windows NT 10.0; Win64; x64) AppleWebKit/537.36 (KHTML, like Gecko) Chrome/84.0.4147.135 Safari/537.36 | 9.524 ms | 9.655 |
::1 | - | [Wed, 26 Aug 2020 18:44:09 GMT] | OPTIONS /api/director/get_supplier_details?supplierId=s000001 | HTTP/1.1 | 204 | 0 | http://localhost:8080/director/suppliers/s000001?supplierId=s000001 | Mozilla/5.0 (Windows NT 10.0; Win64; x64) AppleWebKit/537.36 (KHTML, like Gecko) Chrome/84.0.4147.135 Safari/537.36 | 0.124 ms | 0.445 |
::1 | - | [Wed, 26 Aug 2020 18:44:09 GMT] | GET /api/director/get_supplier_details?supplierId=s000001 | HTTP/1.1 | 200 | 694 | http://localhost:8080/director/suppliers/s000001?supplierId=s000001 | Mozilla/5.0 (Windows NT 10.0; Win64; x64) AppleWebKit/537.36 (KHTML, like Gecko) Chrome/84.0.4147.135 Safari/537.36 | 18.021 ms | 18.177 |
::1 | - | [Wed, 26 Aug 2020 18:44:21 GMT] | OPTIONS /api/director/procurements | HTTP/1.1 | 204 | 0 | http://localhost:8080/director | Mozilla/5.0 (Windows NT 10.0; Win64; x64) AppleWebKit/537.36 (KHTML, like Gecko) Chrome/84.0.4147.135 Safari/537.36 | 0.061 ms | 0.254 |
::1 | - | [Wed, 26 Aug 2020 18:44:21 GMT] | OPTIONS /api/director/get_suppliers | HTTP/1.1 | 204 | 0 | http://localhost:8080/director | Mozilla/5.0 (Windows NT 10.0; Win64; x64) AppleWebKit/537.36 (KHTML, like Gecko) Chrome/84.0.4147.135 Safari/537.36 | 0.078 ms | 0.256 |
::1 | - | [Wed, 26 Aug 2020 18:44:21 GMT] | GET /api/director/procurements | HTTP/1.1 | 200 | - | http://localhost:8080/director | Mozilla/5.0 (Windows NT 10.0; Win64; x64) AppleWebKit/537.36 (KHTML, like Gecko) Chrome/84.0.4147.135 Safari/537.36 | 26.022 ms | 26.174 |
::1 | - | [Wed, 26 Aug 2020 18:44:21 GMT] | GET /api/director/get_suppliers | HTTP/1.1 | 200 | - | http://localhost:8080/director | Mozilla/5.0 (Windows NT 10.0; Win64; x64) AppleWebKit/537.36 (KHTML, like Gecko) Chrome/84.0.4147.135 Safari/537.36 | 34.559 ms | 34.766 |
::1 | - | [Wed, 26 Aug 2020 18:44:21 GMT] | OPTIONS /api/director/get_recent_products | HTTP/1.1 | 204 | 0 | http://localhost:8080/director | Mozilla/5.0 (Windows NT 10.0; Win64; x64) AppleWebKit/537.36 (KHTML, like Gecko) Chrome/84.0.4147.135 Safari/537.36 | 0.043 ms | 0.196 |
::1 | - | [Wed, 26 Aug 2020 18:44:21 GMT] | OPTIONS /api/director/get_approved_requisitions | HTTP/1.1 | 204 | 0 | http://localhost:8080/director | Mozilla/5.0 (Windows NT 10.0; Win64; x64) AppleWebKit/537.36 (KHTML, like Gecko) Chrome/84.0.4147.135 Safari/537.36 | 0.048 ms | 0.199 |
::1 | - | [Wed, 26 Aug 2020 18:44:21 GMT] | GET /api/director/procurements | HTTP/1.1 | 200 | - | http://localhost:8080/director | Mozilla/5.0 (Windows NT 10.0; Win64; x64) AppleWebKit/537.36 (KHTML, like Gecko) Chrome/84.0.4147.135 Safari/537.36 | 24.375 ms | 24.537 |
::1 | - | [Wed, 26 Aug 2020 18:44:21 GMT] | GET /api/director/get_recent_products | HTTP/1.1 | 200 | - | http://localhost:8080/director | Mozilla/5.0 (Windows NT 10.0; Win64; x64) AppleWebKit/537.36 (KHTML, like Gecko) Chrome/84.0.4147.135 Safari/537.36 | 24.644 ms | 24.847 |
::1 | - | [Wed, 26 Aug 2020 18:44:21 GMT] | GET /api/director/get_approved_requisitions | HTTP/1.1 | 200 | - | http://localhost:8080/director | Mozilla/5.0 (Windows NT 10.0; Win64; x64) AppleWebKit/537.36 (KHTML, like Gecko) Chrome/84.0.4147.135 Safari/537.36 | 42.448 ms | 42.669 |
::1 | - | [Wed, 26 Aug 2020 21:07:11 GMT] | OPTIONS /api/director/get_requisition_requests | HTTP/1.1 | 204 | 0 | http://localhost:8080/director | Mozilla/5.0 (Windows NT 10.0; Win64; x64) AppleWebKit/537.36 (KHTML, like Gecko) Chrome/84.0.4147.135 Safari/537.36 | 12.955 ms | 24.381 |
::1 | - | [Wed, 26 Aug 2020 21:07:11 GMT] | OPTIONS /api/director/get_tec_appointment_requests | HTTP/1.1 | 204 | 0 | http://localhost:8080/director | Mozilla/5.0 (Windows NT 10.0; Win64; x64) AppleWebKit/537.36 (KHTML, like Gecko) Chrome/84.0.4147.135 Safari/537.36 | 10.336 ms | 13.821 |
::1 | - | [Wed, 26 Aug 2020 21:07:11 GMT] | OPTIONS /api/director/procurements | HTTP/1.1 | 204 | 0 | http://localhost:8080/director | Mozilla/5.0 (Windows NT 10.0; Win64; x64) AppleWebKit/537.36 (KHTML, like Gecko) Chrome/84.0.4147.135 Safari/537.36 | 0.319 ms | 1.715 |
::1 | - | [Wed, 26 Aug 2020 21:07:11 GMT] | OPTIONS /api/director/get_suppliers | HTTP/1.1 | 204 | 0 | http://localhost:8080/director | Mozilla/5.0 (Windows NT 10.0; Win64; x64) AppleWebKit/537.36 (KHTML, like Gecko) Chrome/84.0.4147.135 Safari/537.36 | 0.158 ms | 0.491 |
::1 | - | [Wed, 26 Aug 2020 21:07:11 GMT] | OPTIONS /api/director/get_recent_products | HTTP/1.1 | 204 | 0 | http://localhost:8080/director | Mozilla/5.0 (Windows NT 10.0; Win64; x64) AppleWebKit/537.36 (KHTML, like Gecko) Chrome/84.0.4147.135 Safari/537.36 | 0.131 ms | 0.468 |
::1 | - | [Wed, 26 Aug 2020 21:07:11 GMT] | OPTIONS /api/director/get_approved_requisitions | HTTP/1.1 | 204 | 0 | http://localhost:8080/director | Mozilla/5.0 (Windows NT 10.0; Win64; x64) AppleWebKit/537.36 (KHTML, like Gecko) Chrome/84.0.4147.135 Safari/537.36 | 0.240 ms | 0.742 |
::1 | - | [Wed, 26 Aug 2020 21:07:11 GMT] | GET /api/director/get_requisition_requests | HTTP/1.1 | 200 | 709 | http://localhost:8080/director | Mozilla/5.0 (Windows NT 10.0; Win64; x64) AppleWebKit/537.36 (KHTML, like Gecko) Chrome/84.0.4147.135 Safari/537.36 | 124.364 ms | 126.027 |
::1 | - | [Wed, 26 Aug 2020 21:07:11 GMT] | GET /api/director/get_tec_appointment_requests | HTTP/1.1 | 200 | - | http://localhost:8080/director | Mozilla/5.0 (Windows NT 10.0; Win64; x64) AppleWebKit/537.36 (KHTML, like Gecko) Chrome/84.0.4147.135 Safari/537.36 | 132.386 ms | 133.171 |
::1 | - | [Wed, 26 Aug 2020 21:07:11 GMT] | GET /api/director/procurements | HTTP/1.1 | 200 | - | http://localhost:8080/director | Mozilla/5.0 (Windows NT 10.0; Win64; x64) AppleWebKit/537.36 (KHTML, like Gecko) Chrome/84.0.4147.135 Safari/537.36 | 224.105 ms | 224.752 |
::1 | - | [Wed, 26 Aug 2020 21:07:11 GMT] | GET /api/director/get_suppliers | HTTP/1.1 | 200 | - | http://localhost:8080/director | Mozilla/5.0 (Windows NT 10.0; Win64; x64) AppleWebKit/537.36 (KHTML, like Gecko) Chrome/84.0.4147.135 Safari/537.36 | 244.589 ms | 245.101 |
::1 | - | [Wed, 26 Aug 2020 21:07:11 GMT] | GET /api/director/get_recent_products | HTTP/1.1 | 200 | - | http://localhost:8080/director | Mozilla/5.0 (Windows NT 10.0; Win64; x64) AppleWebKit/537.36 (KHTML, like Gecko) Chrome/84.0.4147.135 Safari/537.36 | 323.145 ms | 323.793 |
::1 | - | [Wed, 26 Aug 2020 21:07:11 GMT] | GET /api/director/get_approved_requisitions | HTTP/1.1 | 200 | 1426 | http://localhost:8080/director | Mozilla/5.0 (Windows NT 10.0; Win64; x64) AppleWebKit/537.36 (KHTML, like Gecko) Chrome/84.0.4147.135 Safari/537.36 | 396.425 ms | 397.086 |
::1 | - | [Wed, 26 Aug 2020 21:07:12 GMT] | GET /api/director/procurements | HTTP/1.1 | 200 | - | http://localhost:8080/director | Mozilla/5.0 (Windows NT 10.0; Win64; x64) AppleWebKit/537.36 (KHTML, like Gecko) Chrome/84.0.4147.135 Safari/537.36 | 263.270 ms | 263.946 |
::1 | - | [Wed, 26 Aug 2020 21:07:26 GMT] | OPTIONS /api/director/get_requisition_requests | HTTP/1.1 | 204 | 0 | http://localhost:8080/director | Mozilla/5.0 (Windows NT 10.0; Win64; x64) AppleWebKit/537.36 (KHTML, like Gecko) Chrome/84.0.4147.135 Safari/537.36 | 0.352 ms | 1.213 |
::1 | - | [Wed, 26 Aug 2020 21:07:26 GMT] | OPTIONS /api/director/get_tec_appointment_requests | HTTP/1.1 | 204 | 0 | http://localhost:8080/director | Mozilla/5.0 (Windows NT 10.0; Win64; x64) AppleWebKit/537.36 (KHTML, like Gecko) Chrome/84.0.4147.135 Safari/537.36 | 0.621 ms | 1.480 |
::1 | - | [Wed, 26 Aug 2020 21:07:26 GMT] | GET /api/director/get_tec_appointment_requests | HTTP/1.1 | 200 | - | http://localhost:8080/director | Mozilla/5.0 (Windows NT 10.0; Win64; x64) AppleWebKit/537.36 (KHTML, like Gecko) Chrome/84.0.4147.135 Safari/537.36 | 109.229 ms | 110.410 |
::1 | - | [Wed, 26 Aug 2020 21:07:26 GMT] | GET /api/director/get_requisition_requests | HTTP/1.1 | 200 | - | http://localhost:8080/director | Mozilla/5.0 (Windows NT 10.0; Win64; x64) AppleWebKit/537.36 (KHTML, like Gecko) Chrome/84.0.4147.135 Safari/537.36 | 227.008 ms | 227.433 |
::1 | - | [Wed, 26 Aug 2020 21:07:26 GMT] | OPTIONS /api/director/procurements | HTTP/1.1 | 204 | 0 | http://localhost:8080/director | Mozilla/5.0 (Windows NT 10.0; Win64; x64) AppleWebKit/537.36 (KHTML, like Gecko) Chrome/84.0.4147.135 Safari/537.36 | 0.204 ms | 0.883 |
::1 | - | [Wed, 26 Aug 2020 21:07:27 GMT] | OPTIONS /api/director/get_suppliers | HTTP/1.1 | 204 | 0 | http://localhost:8080/director | Mozilla/5.0 (Windows NT 10.0; Win64; x64) AppleWebKit/537.36 (KHTML, like Gecko) Chrome/84.0.4147.135 Safari/537.36 | 0.241 ms | 0.748 |
::1 | - | [Wed, 26 Aug 2020 21:07:27 GMT] | OPTIONS /api/director/get_recent_products | HTTP/1.1 | 204 | 0 | http://localhost:8080/director | Mozilla/5.0 (Windows NT 10.0; Win64; x64) AppleWebKit/537.36 (KHTML, like Gecko) Chrome/84.0.4147.135 Safari/537.36 | 0.262 ms | 0.596 |
::1 | - | [Wed, 26 Aug 2020 21:07:27 GMT] | OPTIONS /api/director/get_approved_requisitions | HTTP/1.1 | 204 | 0 | http://localhost:8080/director | Mozilla/5.0 (Windows NT 10.0; Win64; x64) AppleWebKit/537.36 (KHTML, like Gecko) Chrome/84.0.4147.135 Safari/537.36 | 0.129 ms | 0.430 |
::1 | - | [Wed, 26 Aug 2020 21:07:27 GMT] | OPTIONS /api/director/procurements | HTTP/1.1 | 204 | 0 | http://localhost:8080/director | Mozilla/5.0 (Windows NT 10.0; Win64; x64) AppleWebKit/537.36 (KHTML, like Gecko) Chrome/84.0.4147.135 Safari/537.36 | 0.184 ms | 0.583 |
::1 | - | [Wed, 26 Aug 2020 21:07:27 GMT] | GET /api/director/procurements | HTTP/1.1 | 200 | - | http://localhost:8080/director | Mozilla/5.0 (Windows NT 10.0; Win64; x64) AppleWebKit/537.36 (KHTML, like Gecko) Chrome/84.0.4147.135 Safari/537.36 | 57.085 ms | 57.509 |
::1 | - | [Wed, 26 Aug 2020 21:07:27 GMT] | GET /api/director/get_suppliers | HTTP/1.1 | 200 | - | http://localhost:8080/director | Mozilla/5.0 (Windows NT 10.0; Win64; x64) AppleWebKit/537.36 (KHTML, like Gecko) Chrome/84.0.4147.135 Safari/537.36 | 79.868 ms | 80.316 |
::1 | - | [Wed, 26 Aug 2020 21:07:27 GMT] | GET /api/director/get_recent_products | HTTP/1.1 | 200 | - | http://localhost:8080/director | Mozilla/5.0 (Windows NT 10.0; Win64; x64) AppleWebKit/537.36 (KHTML, like Gecko) Chrome/84.0.4147.135 Safari/537.36 | 147.560 ms | 147.991 |
::1 | - | [Wed, 26 Aug 2020 21:07:27 GMT] | GET /api/director/get_approved_requisitions | HTTP/1.1 | 200 | - | http://localhost:8080/director | Mozilla/5.0 (Windows NT 10.0; Win64; x64) AppleWebKit/537.36 (KHTML, like Gecko) Chrome/84.0.4147.135 Safari/537.36 | 188.133 ms | 188.573 |
::1 | - | [Wed, 26 Aug 2020 21:07:27 GMT] | GET /api/director/procurements | HTTP/1.1 | 200 | - | http://localhost:8080/director | Mozilla/5.0 (Windows NT 10.0; Win64; x64) AppleWebKit/537.36 (KHTML, like Gecko) Chrome/84.0.4147.135 Safari/537.36 | 106.899 ms | 107.286 |
::1 | - | [Wed, 26 Aug 2020 21:18:53 GMT] | OPTIONS /api/director/get_departments | HTTP/1.1 | 204 | 0 | http://localhost:8080/director/departments | Mozilla/5.0 (Windows NT 10.0; Win64; x64) AppleWebKit/537.36 (KHTML, like Gecko) Chrome/84.0.4147.135 Safari/537.36 | 0.507 ms | 1.541 |
::1 | - | [Wed, 26 Aug 2020 21:18:54 GMT] | GET /api/director/get_departments | HTTP/1.1 | 200 | 107 | http://localhost:8080/director/departments | Mozilla/5.0 (Windows NT 10.0; Win64; x64) AppleWebKit/537.36 (KHTML, like Gecko) Chrome/84.0.4147.135 Safari/537.36 | 26.921 ms | 28.425 |
::1 | - | [Wed, 26 Aug 2020 21:19:03 GMT] | OPTIONS /api/director/procurements | HTTP/1.1 | 204 | 0 | http://localhost:8080/director | Mozilla/5.0 (Windows NT 10.0; Win64; x64) AppleWebKit/537.36 (KHTML, like Gecko) Chrome/84.0.4147.135 Safari/537.36 | 0.186 ms | 0.678 |
::1 | - | [Wed, 26 Aug 2020 21:19:03 GMT] | OPTIONS /api/director/get_suppliers | HTTP/1.1 | 204 | 0 | http://localhost:8080/director | Mozilla/5.0 (Windows NT 10.0; Win64; x64) AppleWebKit/537.36 (KHTML, like Gecko) Chrome/84.0.4147.135 Safari/537.36 | 0.225 ms | 0.588 |
::1 | - | [Wed, 26 Aug 2020 21:19:03 GMT] | GET /api/director/procurements | HTTP/1.1 | 200 | - | http://localhost:8080/director | Mozilla/5.0 (Windows NT 10.0; Win64; x64) AppleWebKit/537.36 (KHTML, like Gecko) Chrome/84.0.4147.135 Safari/537.36 | 105.558 ms | 106.054 |
::1 | - | [Wed, 26 Aug 2020 21:19:03 GMT] | OPTIONS /api/director/get_recent_products | HTTP/1.1 | 204 | 0 | http://localhost:8080/director | Mozilla/5.0 (Windows NT 10.0; Win64; x64) AppleWebKit/537.36 (KHTML, like Gecko) Chrome/84.0.4147.135 Safari/537.36 | 0.160 ms | 0.512 |
::1 | - | [Wed, 26 Aug 2020 21:19:03 GMT] | OPTIONS /api/director/get_approved_requisitions | HTTP/1.1 | 204 | 0 | http://localhost:8080/director | Mozilla/5.0 (Windows NT 10.0; Win64; x64) AppleWebKit/537.36 (KHTML, like Gecko) Chrome/84.0.4147.135 Safari/537.36 | 0.132 ms | 0.426 |
::1 | - | [Wed, 26 Aug 2020 21:19:03 GMT] | GET /api/director/get_suppliers | HTTP/1.1 | 200 | - | http://localhost:8080/director | Mozilla/5.0 (Windows NT 10.0; Win64; x64) AppleWebKit/537.36 (KHTML, like Gecko) Chrome/84.0.4147.135 Safari/537.36 | 28.581 ms | 28.946 |
::1 | - | [Wed, 26 Aug 2020 21:19:03 GMT] | GET /api/director/procurements | HTTP/1.1 | 200 | - | http://localhost:8080/director | Mozilla/5.0 (Windows NT 10.0; Win64; x64) AppleWebKit/537.36 (KHTML, like Gecko) Chrome/84.0.4147.135 Safari/537.36 | 78.144 ms | 78.664 |
::1 | - | [Wed, 26 Aug 2020 21:19:03 GMT] | GET /api/director/get_recent_products | HTTP/1.1 | 200 | - | http://localhost:8080/director | Mozilla/5.0 (Windows NT 10.0; Win64; x64) AppleWebKit/537.36 (KHTML, like Gecko) Chrome/84.0.4147.135 Safari/537.36 | 72.218 ms | 72.591 |
::1 | - | [Wed, 26 Aug 2020 21:19:03 GMT] | GET /api/director/get_approved_requisitions | HTTP/1.1 | 200 | - | http://localhost:8080/director | Mozilla/5.0 (Windows NT 10.0; Win64; x64) AppleWebKit/537.36 (KHTML, like Gecko) Chrome/84.0.4147.135 Safari/537.36 | 111.667 ms | 112.071 |
::1 | - | [Wed, 26 Aug 2020 21:26:35 GMT] | OPTIONS /api/director/get_departments | HTTP/1.1 | 204 | 0 | http://localhost:8080/director/departments | Mozilla/5.0 (Windows NT 10.0; Win64; x64) AppleWebKit/537.36 (KHTML, like Gecko) Chrome/84.0.4147.135 Safari/537.36 | 0.245 ms | 0.894 |
::1 | - | [Wed, 26 Aug 2020 21:26:35 GMT] | GET /api/director/get_departments | HTTP/1.1 | 200 | - | http://localhost:8080/director/departments | Mozilla/5.0 (Windows NT 10.0; Win64; x64) AppleWebKit/537.36 (KHTML, like Gecko) Chrome/84.0.4147.135 Safari/537.36 | 9.396 ms | 9.909 |
::1 | - | [Wed, 26 Aug 2020 21:32:36 GMT] | OPTIONS /api/director/procurements | HTTP/1.1 | 204 | 0 | http://localhost:8080/director | Mozilla/5.0 (Windows NT 10.0; Win64; x64) AppleWebKit/537.36 (KHTML, like Gecko) Chrome/84.0.4147.135 Safari/537.36 | 0.291 ms | 0.927 |
::1 | - | [Wed, 26 Aug 2020 21:32:36 GMT] | OPTIONS /api/director/get_suppliers | HTTP/1.1 | 204 | 0 | http://localhost:8080/director | Mozilla/5.0 (Windows NT 10.0; Win64; x64) AppleWebKit/537.36 (KHTML, like Gecko) Chrome/84.0.4147.135 Safari/537.36 | 0.226 ms | 0.702 |
::1 | - | [Wed, 26 Aug 2020 21:32:36 GMT] | GET /api/director/get_suppliers | HTTP/1.1 | 200 | - | http://localhost:8080/director | Mozilla/5.0 (Windows NT 10.0; Win64; x64) AppleWebKit/537.36 (KHTML, like Gecko) Chrome/84.0.4147.135 Safari/537.36 | 26.444 ms | 26.837 |
::1 | - | [Wed, 26 Aug 2020 21:32:36 GMT] | GET /api/director/procurements | HTTP/1.1 | 200 | - | http://localhost:8080/director | Mozilla/5.0 (Windows NT 10.0; Win64; x64) AppleWebKit/537.36 (KHTML, like Gecko) Chrome/84.0.4147.135 Safari/537.36 | 89.798 ms | 90.273 |
::1 | - | [Wed, 26 Aug 2020 21:32:36 GMT] | OPTIONS /api/director/get_recent_products | HTTP/1.1 | 204 | 0 | http://localhost:8080/director | Mozilla/5.0 (Windows NT 10.0; Win64; x64) AppleWebKit/537.36 (KHTML, like Gecko) Chrome/84.0.4147.135 Safari/537.36 | 0.222 ms | 0.691 |
::1 | - | [Wed, 26 Aug 2020 21:32:36 GMT] | OPTIONS /api/director/get_approved_requisitions | HTTP/1.1 | 204 | 0 | http://localhost:8080/director | Mozilla/5.0 (Windows NT 10.0; Win64; x64) AppleWebKit/537.36 (KHTML, like Gecko) Chrome/84.0.4147.135 Safari/537.36 | 0.238 ms | 0.759 |
::1 | - | [Wed, 26 Aug 2020 21:32:36 GMT] | GET /api/director/procurements | HTTP/1.1 | 200 | - | http://localhost:8080/director | Mozilla/5.0 (Windows NT 10.0; Win64; x64) AppleWebKit/537.36 (KHTML, like Gecko) Chrome/84.0.4147.135 Safari/537.36 | 51.526 ms | 51.931 |
::1 | - | [Wed, 26 Aug 2020 21:32:36 GMT] | GET /api/director/get_recent_products | HTTP/1.1 | 200 | - | http://localhost:8080/director | Mozilla/5.0 (Windows NT 10.0; Win64; x64) AppleWebKit/537.36 (KHTML, like Gecko) Chrome/84.0.4147.135 Safari/537.36 | 57.136 ms | 57.671 |
::1 | - | [Wed, 26 Aug 2020 21:32:36 GMT] | GET /api/director/get_approved_requisitions | HTTP/1.1 | 200 | - | http://localhost:8080/director | Mozilla/5.0 (Windows NT 10.0; Win64; x64) AppleWebKit/537.36 (KHTML, like Gecko) Chrome/84.0.4147.135 Safari/537.36 | 106.469 ms | 106.816 |
::1 | - | [Wed, 26 Aug 2020 21:33:23 GMT] | OPTIONS /api/director/get_requisition_requests | HTTP/1.1 | 204 | 0 | http://localhost:8080/director | Mozilla/5.0 (Windows NT 10.0; Win64; x64) AppleWebKit/537.36 (KHTML, like Gecko) Chrome/84.0.4147.135 Safari/537.36 | 0.209 ms | 0.844 |
::1 | - | [Wed, 26 Aug 2020 21:33:23 GMT] | OPTIONS /api/director/get_tec_appointment_requests | HTTP/1.1 | 204 | 0 | http://localhost:8080/director | Mozilla/5.0 (Windows NT 10.0; Win64; x64) AppleWebKit/537.36 (KHTML, like Gecko) Chrome/84.0.4147.135 Safari/537.36 | 0.201 ms | 0.581 |
::1 | - | [Wed, 26 Aug 2020 21:33:23 GMT] | OPTIONS /api/director/procurements | HTTP/1.1 | 204 | 0 | http://localhost:8080/director | Mozilla/5.0 (Windows NT 10.0; Win64; x64) AppleWebKit/537.36 (KHTML, like Gecko) Chrome/84.0.4147.135 Safari/537.36 | 0.188 ms | 0.571 |
::1 | - | [Wed, 26 Aug 2020 21:33:23 GMT] | OPTIONS /api/director/get_suppliers | HTTP/1.1 | 204 | 0 | http://localhost:8080/director | Mozilla/5.0 (Windows NT 10.0; Win64; x64) AppleWebKit/537.36 (KHTML, like Gecko) Chrome/84.0.4147.135 Safari/537.36 | 0.187 ms | 0.545 |
::1 | - | [Wed, 26 Aug 2020 21:33:23 GMT] | OPTIONS /api/director/get_recent_products | HTTP/1.1 | 204 | 0 | http://localhost:8080/director | Mozilla/5.0 (Windows NT 10.0; Win64; x64) AppleWebKit/537.36 (KHTML, like Gecko) Chrome/84.0.4147.135 Safari/537.36 | 0.178 ms | 0.537 |
::1 | - | [Wed, 26 Aug 2020 21:33:23 GMT] | OPTIONS /api/director/get_approved_requisitions | HTTP/1.1 | 204 | 0 | http://localhost:8080/director | Mozilla/5.0 (Windows NT 10.0; Win64; x64) AppleWebKit/537.36 (KHTML, like Gecko) Chrome/84.0.4147.135 Safari/537.36 | 0.166 ms | 0.507 |
::1 | - | [Wed, 26 Aug 2020 21:33:23 GMT] | OPTIONS /api/director/procurements | HTTP/1.1 | 204 | 0 | http://localhost:8080/director | Mozilla/5.0 (Windows NT 10.0; Win64; x64) AppleWebKit/537.36 (KHTML, like Gecko) Chrome/84.0.4147.135 Safari/537.36 | 0.148 ms | 0.466 |
::1 | - | [Wed, 26 Aug 2020 21:33:23 GMT] | GET /api/director/get_requisition_requests | HTTP/1.1 | 200 | - | http://localhost:8080/director | Mozilla/5.0 (Windows NT 10.0; Win64; x64) AppleWebKit/537.36 (KHTML, like Gecko) Chrome/84.0.4147.135 Safari/537.36 | 115.694 ms | 116.125 |
::1 | - | [Wed, 26 Aug 2020 21:33:23 GMT] | GET /api/director/get_tec_appointment_requests | HTTP/1.1 | 200 | - | http://localhost:8080/director | Mozilla/5.0 (Windows NT 10.0; Win64; x64) AppleWebKit/537.36 (KHTML, like Gecko) Chrome/84.0.4147.135 Safari/537.36 | 48.205 ms | 48.605 |
::1 | - | [Wed, 26 Aug 2020 21:33:24 GMT] | GET /api/director/procurements | HTTP/1.1 | 200 | - | http://localhost:8080/director | Mozilla/5.0 (Windows NT 10.0; Win64; x64) AppleWebKit/537.36 (KHTML, like Gecko) Chrome/84.0.4147.135 Safari/537.36 | 114.557 ms | 115.127 |
::1 | - | [Wed, 26 Aug 2020 21:33:24 GMT] | GET /api/director/get_approved_requisitions | HTTP/1.1 | 200 | - | http://localhost:8080/director | Mozilla/5.0 (Windows NT 10.0; Win64; x64) AppleWebKit/537.36 (KHTML, like Gecko) Chrome/84.0.4147.135 Safari/537.36 | 167.736 ms | 168.112 |
::1 | - | [Wed, 26 Aug 2020 21:33:24 GMT] | GET /api/director/get_recent_products | HTTP/1.1 | 200 | - | http://localhost:8080/director | Mozilla/5.0 (Windows NT 10.0; Win64; x64) AppleWebKit/537.36 (KHTML, like Gecko) Chrome/84.0.4147.135 Safari/537.36 | 238.837 ms | 239.247 |
::1 | - | [Wed, 26 Aug 2020 21:33:24 GMT] | GET /api/director/get_suppliers | HTTP/1.1 | 200 | - | http://localhost:8080/director | Mozilla/5.0 (Windows NT 10.0; Win64; x64) AppleWebKit/537.36 (KHTML, like Gecko) Chrome/84.0.4147.135 Safari/537.36 | 261.628 ms | 262.012 |
::1 | - | [Wed, 26 Aug 2020 21:33:24 GMT] | GET /api/director/procurements | HTTP/1.1 | 200 | - | http://localhost:8080/director | Mozilla/5.0 (Windows NT 10.0; Win64; x64) AppleWebKit/537.36 (KHTML, like Gecko) Chrome/84.0.4147.135 Safari/537.36 | 84.435 ms | 85.357 |
::1 | - | [Wed, 26 Aug 2020 21:33:34 GMT] | OPTIONS /api/director/get_departments | HTTP/1.1 | 204 | 0 | http://localhost:8080/director/departments | Mozilla/5.0 (Windows NT 10.0; Win64; x64) AppleWebKit/537.36 (KHTML, like Gecko) Chrome/84.0.4147.135 Safari/537.36 | 0.315 ms | 1.192 |
::1 | - | [Wed, 26 Aug 2020 21:33:34 GMT] | GET /api/director/get_departments | HTTP/1.1 | 200 | - | http://localhost:8080/director/departments | Mozilla/5.0 (Windows NT 10.0; Win64; x64) AppleWebKit/537.36 (KHTML, like Gecko) Chrome/84.0.4147.135 Safari/537.36 | 19.048 ms | 19.902 |
::1 | - | [Wed, 26 Aug 2020 21:35:04 GMT] | OPTIONS /api/director/procurements | HTTP/1.1 | 204 | 0 | http://localhost:8080/director | Mozilla/5.0 (Windows NT 10.0; Win64; x64) AppleWebKit/537.36 (KHTML, like Gecko) Chrome/84.0.4147.135 Safari/537.36 | 0.281 ms | 0.925 |
::1 | - | [Wed, 26 Aug 2020 21:35:04 GMT] | OPTIONS /api/director/get_suppliers | HTTP/1.1 | 204 | 0 | http://localhost:8080/director | Mozilla/5.0 (Windows NT 10.0; Win64; x64) AppleWebKit/537.36 (KHTML, like Gecko) Chrome/84.0.4147.135 Safari/537.36 | 0.192 ms | 0.658 |
::1 | - | [Wed, 26 Aug 2020 21:35:04 GMT] | GET /api/director/get_suppliers | HTTP/1.1 | 200 | - | http://localhost:8080/director | Mozilla/5.0 (Windows NT 10.0; Win64; x64) AppleWebKit/537.36 (KHTML, like Gecko) Chrome/84.0.4147.135 Safari/537.36 | 28.450 ms | 28.890 |
::1 | - | [Wed, 26 Aug 2020 21:35:04 GMT] | GET /api/director/procurements | HTTP/1.1 | 200 | - | http://localhost:8080/director | Mozilla/5.0 (Windows NT 10.0; Win64; x64) AppleWebKit/537.36 (KHTML, like Gecko) Chrome/84.0.4147.135 Safari/537.36 | 99.338 ms | 99.701 |
::1 | - | [Wed, 26 Aug 2020 21:35:04 GMT] | OPTIONS /api/director/get_recent_products | HTTP/1.1 | 204 | 0 | http://localhost:8080/director | Mozilla/5.0 (Windows NT 10.0; Win64; x64) AppleWebKit/537.36 (KHTML, like Gecko) Chrome/84.0.4147.135 Safari/537.36 | 0.199 ms | 0.922 |
::1 | - | [Wed, 26 Aug 2020 21:35:04 GMT] | OPTIONS /api/director/get_approved_requisitions | HTTP/1.1 | 204 | 0 | http://localhost:8080/director | Mozilla/5.0 (Windows NT 10.0; Win64; x64) AppleWebKit/537.36 (KHTML, like Gecko) Chrome/84.0.4147.135 Safari/537.36 | 0.242 ms | 0.749 |
::1 | - | [Wed, 26 Aug 2020 21:35:04 GMT] | GET /api/director/procurements | HTTP/1.1 | 200 | - | http://localhost:8080/director | Mozilla/5.0 (Windows NT 10.0; Win64; x64) AppleWebKit/537.36 (KHTML, like Gecko) Chrome/84.0.4147.135 Safari/537.36 | 60.773 ms | 61.323 |
::1 | - | [Wed, 26 Aug 2020 21:35:04 GMT] | GET /api/director/get_recent_products | HTTP/1.1 | 200 | - | http://localhost:8080/director | Mozilla/5.0 (Windows NT 10.0; Win64; x64) AppleWebKit/537.36 (KHTML, like Gecko) Chrome/84.0.4147.135 Safari/537.36 | 113.290 ms | 114.028 |
::1 | - | [Wed, 26 Aug 2020 21:35:04 GMT] | GET /api/director/get_approved_requisitions | HTTP/1.1 | 200 | - | http://localhost:8080/director | Mozilla/5.0 (Windows NT 10.0; Win64; x64) AppleWebKit/537.36 (KHTML, like Gecko) Chrome/84.0.4147.135 Safari/537.36 | 167.573 ms | 167.955 |
::1 | - | [Wed, 26 Aug 2020 21:36:28 GMT] | OPTIONS /api/director/get_departments | HTTP/1.1 | 204 | 0 | http://localhost:8080/director/departments | Mozilla/5.0 (Windows NT 10.0; Win64; x64) AppleWebKit/537.36 (KHTML, like Gecko) Chrome/84.0.4147.135 Safari/537.36 | 0.204 ms | 0.554 |
::1 | - | [Wed, 26 Aug 2020 21:36:28 GMT] | GET /api/director/get_departments | HTTP/1.1 | 200 | - | http://localhost:8080/director/departments | Mozilla/5.0 (Windows NT 10.0; Win64; x64) AppleWebKit/537.36 (KHTML, like Gecko) Chrome/84.0.4147.135 Safari/537.36 | 4.124 ms | 4.377 |
::1 | - | [Wed, 26 Aug 2020 21:36:32 GMT] | OPTIONS /api/director/procurements | HTTP/1.1 | 204 | 0 | http://localhost:8080/director | Mozilla/5.0 (Windows NT 10.0; Win64; x64) AppleWebKit/537.36 (KHTML, like Gecko) Chrome/84.0.4147.135 Safari/537.36 | 0.130 ms | 0.498 |
::1 | - | [Wed, 26 Aug 2020 21:36:32 GMT] | OPTIONS /api/director/get_suppliers | HTTP/1.1 | 204 | 0 | http://localhost:8080/director | Mozilla/5.0 (Windows NT 10.0; Win64; x64) AppleWebKit/537.36 (KHTML, like Gecko) Chrome/84.0.4147.135 Safari/537.36 | 0.137 ms | 0.358 |
::1 | - | [Wed, 26 Aug 2020 21:36:32 GMT] | GET /api/director/procurements | HTTP/1.1 | 200 | - | http://localhost:8080/director | Mozilla/5.0 (Windows NT 10.0; Win64; x64) AppleWebKit/537.36 (KHTML, like Gecko) Chrome/84.0.4147.135 Safari/537.36 | 30.644 ms | 30.860 |
::1 | - | [Wed, 26 Aug 2020 21:36:33 GMT] | GET /api/director/get_suppliers | HTTP/1.1 | 200 | - | http://localhost:8080/director | Mozilla/5.0 (Windows NT 10.0; Win64; x64) AppleWebKit/537.36 (KHTML, like Gecko) Chrome/84.0.4147.135 Safari/537.36 | 39.800 ms | 40.086 |
::1 | - | [Wed, 26 Aug 2020 21:36:33 GMT] | OPTIONS /api/director/get_recent_products | HTTP/1.1 | 204 | 0 | http://localhost:8080/director | Mozilla/5.0 (Windows NT 10.0; Win64; x64) AppleWebKit/537.36 (KHTML, like Gecko) Chrome/84.0.4147.135 Safari/537.36 | 0.114 ms | 0.494 |
::1 | - | [Wed, 26 Aug 2020 21:36:33 GMT] | OPTIONS /api/director/get_approved_requisitions | HTTP/1.1 | 204 | 0 | http://localhost:8080/director | Mozilla/5.0 (Windows NT 10.0; Win64; x64) AppleWebKit/537.36 (KHTML, like Gecko) Chrome/84.0.4147.135 Safari/537.36 | 0.134 ms | 0.465 |
::1 | - | [Wed, 26 Aug 2020 21:36:33 GMT] | GET /api/director/procurements | HTTP/1.1 | 200 | - | http://localhost:8080/director | Mozilla/5.0 (Windows NT 10.0; Win64; x64) AppleWebKit/537.36 (KHTML, like Gecko) Chrome/84.0.4147.135 Safari/537.36 | 28.770 ms | 28.965 |
::1 | - | [Wed, 26 Aug 2020 21:36:33 GMT] | GET /api/director/get_recent_products | HTTP/1.1 | 200 | - | http://localhost:8080/director | Mozilla/5.0 (Windows NT 10.0; Win64; x64) AppleWebKit/537.36 (KHTML, like Gecko) Chrome/84.0.4147.135 Safari/537.36 | 26.232 ms | 26.440 |
::1 | - | [Wed, 26 Aug 2020 21:36:33 GMT] | GET /api/director/get_approved_requisitions | HTTP/1.1 | 200 | - | http://localhost:8080/director | Mozilla/5.0 (Windows NT 10.0; Win64; x64) AppleWebKit/537.36 (KHTML, like Gecko) Chrome/84.0.4147.135 Safari/537.36 | 45.761 ms | 46.013 |
::1 | - | [Wed, 26 Aug 2020 21:38:59 GMT] | OPTIONS /api/director/get_departments | HTTP/1.1 | 204 | 0 | http://localhost:8080/director/departments | Mozilla/5.0 (Windows NT 10.0; Win64; x64) AppleWebKit/537.36 (KHTML, like Gecko) Chrome/84.0.4147.135 Safari/537.36 | 0.158 ms | 0.497 |
::1 | - | [Wed, 26 Aug 2020 21:38:59 GMT] | GET /api/director/get_departments | HTTP/1.1 | 200 | - | http://localhost:8080/director/departments | Mozilla/5.0 (Windows NT 10.0; Win64; x64) AppleWebKit/537.36 (KHTML, like Gecko) Chrome/84.0.4147.135 Safari/537.36 | 15.075 ms | 15.321 |
::1 | - | [Wed, 26 Aug 2020 21:41:34 GMT] | OPTIONS /api/director/procurements | HTTP/1.1 | 204 | 0 | http://localhost:8080/director | Mozilla/5.0 (Windows NT 10.0; Win64; x64) AppleWebKit/537.36 (KHTML, like Gecko) Chrome/84.0.4147.135 Safari/537.36 | 0.106 ms | 0.442 |
::1 | - | [Wed, 26 Aug 2020 21:41:34 GMT] | OPTIONS /api/director/get_suppliers | HTTP/1.1 | 204 | 0 | http://localhost:8080/director | Mozilla/5.0 (Windows NT 10.0; Win64; x64) AppleWebKit/537.36 (KHTML, like Gecko) Chrome/84.0.4147.135 Safari/537.36 | 0.113 ms | 0.429 |
::1 | - | [Wed, 26 Aug 2020 21:41:34 GMT] | GET /api/director/get_suppliers | HTTP/1.1 | 200 | - | http://localhost:8080/director | Mozilla/5.0 (Windows NT 10.0; Win64; x64) AppleWebKit/537.36 (KHTML, like Gecko) Chrome/84.0.4147.135 Safari/537.36 | 13.495 ms | 13.741 |
::1 | - | [Wed, 26 Aug 2020 21:41:34 GMT] | GET /api/director/procurements | HTTP/1.1 | 200 | - | http://localhost:8080/director | Mozilla/5.0 (Windows NT 10.0; Win64; x64) AppleWebKit/537.36 (KHTML, like Gecko) Chrome/84.0.4147.135 Safari/537.36 | 46.670 ms | 47.280 |
::1 | - | [Wed, 26 Aug 2020 21:41:34 GMT] | OPTIONS /api/director/get_recent_products | HTTP/1.1 | 204 | 0 | http://localhost:8080/director | Mozilla/5.0 (Windows NT 10.0; Win64; x64) AppleWebKit/537.36 (KHTML, like Gecko) Chrome/84.0.4147.135 Safari/537.36 | 0.095 ms | 0.267 |
::1 | - | [Wed, 26 Aug 2020 21:41:34 GMT] | OPTIONS /api/director/get_approved_requisitions | HTTP/1.1 | 204 | 0 | http://localhost:8080/director | Mozilla/5.0 (Windows NT 10.0; Win64; x64) AppleWebKit/537.36 (KHTML, like Gecko) Chrome/84.0.4147.135 Safari/537.36 | 0.063 ms | 0.309 |
::1 | - | [Wed, 26 Aug 2020 21:41:34 GMT] | GET /api/director/procurements | HTTP/1.1 | 200 | - | http://localhost:8080/director | Mozilla/5.0 (Windows NT 10.0; Win64; x64) AppleWebKit/537.36 (KHTML, like Gecko) Chrome/84.0.4147.135 Safari/537.36 | 29.033 ms | 29.384 |
::1 | - | [Wed, 26 Aug 2020 21:41:34 GMT] | GET /api/director/get_recent_products | HTTP/1.1 | 200 | - | http://localhost:8080/director | Mozilla/5.0 (Windows NT 10.0; Win64; x64) AppleWebKit/537.36 (KHTML, like Gecko) Chrome/84.0.4147.135 Safari/537.36 | 35.744 ms | 36.041 |
::1 | - | [Wed, 26 Aug 2020 21:41:34 GMT] | GET /api/director/get_approved_requisitions | HTTP/1.1 | 200 | - | http://localhost:8080/director | Mozilla/5.0 (Windows NT 10.0; Win64; x64) AppleWebKit/537.36 (KHTML, like Gecko) Chrome/84.0.4147.135 Safari/537.36 | 64.148 ms | 64.415 |
::1 | - | [Wed, 26 Aug 2020 21:41:35 GMT] | OPTIONS /api/director/get_departments | HTTP/1.1 | 204 | 0 | http://localhost:8080/director/departments | Mozilla/5.0 (Windows NT 10.0; Win64; x64) AppleWebKit/537.36 (KHTML, like Gecko) Chrome/84.0.4147.135 Safari/537.36 | 0.104 ms | 0.363 |
::1 | - | [Wed, 26 Aug 2020 21:41:35 GMT] | GET /api/director/get_departments | HTTP/1.1 | 200 | - | http://localhost:8080/director/departments | Mozilla/5.0 (Windows NT 10.0; Win64; x64) AppleWebKit/537.36 (KHTML, like Gecko) Chrome/84.0.4147.135 Safari/537.36 | 3.695 ms | 3.837 |
::1 | - | [Wed, 26 Aug 2020 21:41:46 GMT] | OPTIONS /api/director/procurements | HTTP/1.1 | 204 | 0 | http://localhost:8080/director | Mozilla/5.0 (Windows NT 10.0; Win64; x64) AppleWebKit/537.36 (KHTML, like Gecko) Chrome/84.0.4147.135 Safari/537.36 | 0.163 ms | 0.366 |
::1 | - | [Wed, 26 Aug 2020 21:41:46 GMT] | OPTIONS /api/director/get_suppliers | HTTP/1.1 | 204 | 0 | http://localhost:8080/director | Mozilla/5.0 (Windows NT 10.0; Win64; x64) AppleWebKit/537.36 (KHTML, like Gecko) Chrome/84.0.4147.135 Safari/537.36 | 0.057 ms | 0.210 |
::1 | - | [Wed, 26 Aug 2020 21:41:46 GMT] | GET /api/director/procurements | HTTP/1.1 | 200 | - | http://localhost:8080/director | Mozilla/5.0 (Windows NT 10.0; Win64; x64) AppleWebKit/537.36 (KHTML, like Gecko) Chrome/84.0.4147.135 Safari/537.36 | 25.191 ms | 25.383 |
::1 | - | [Wed, 26 Aug 2020 21:41:46 GMT] | GET /api/director/get_suppliers | HTTP/1.1 | 200 | - | http://localhost:8080/director | Mozilla/5.0 (Windows NT 10.0; Win64; x64) AppleWebKit/537.36 (KHTML, like Gecko) Chrome/84.0.4147.135 Safari/537.36 | 35.430 ms | 35.676 |
::1 | - | [Wed, 26 Aug 2020 21:41:46 GMT] | OPTIONS /api/director/get_recent_products | HTTP/1.1 | 204 | 0 | http://localhost:8080/director | Mozilla/5.0 (Windows NT 10.0; Win64; x64) AppleWebKit/537.36 (KHTML, like Gecko) Chrome/84.0.4147.135 Safari/537.36 | 0.086 ms | 0.322 |
::1 | - | [Wed, 26 Aug 2020 21:41:46 GMT] | OPTIONS /api/director/get_approved_requisitions | HTTP/1.1 | 204 | 0 | http://localhost:8080/director | Mozilla/5.0 (Windows NT 10.0; Win64; x64) AppleWebKit/537.36 (KHTML, like Gecko) Chrome/84.0.4147.135 Safari/537.36 | 0.098 ms | 0.293 |
::1 | - | [Wed, 26 Aug 2020 21:41:46 GMT] | GET /api/director/procurements | HTTP/1.1 | 200 | - | http://localhost:8080/director | Mozilla/5.0 (Windows NT 10.0; Win64; x64) AppleWebKit/537.36 (KHTML, like Gecko) Chrome/84.0.4147.135 Safari/537.36 | 32.055 ms | 32.214 |
::1 | - | [Wed, 26 Aug 2020 21:41:46 GMT] | GET /api/director/get_recent_products | HTTP/1.1 | 200 | - | http://localhost:8080/director | Mozilla/5.0 (Windows NT 10.0; Win64; x64) AppleWebKit/537.36 (KHTML, like Gecko) Chrome/84.0.4147.135 Safari/537.36 | 24.565 ms | 24.818 |
::1 | - | [Wed, 26 Aug 2020 21:41:46 GMT] | GET /api/director/get_approved_requisitions | HTTP/1.1 | 200 | - | http://localhost:8080/director | Mozilla/5.0 (Windows NT 10.0; Win64; x64) AppleWebKit/537.36 (KHTML, like Gecko) Chrome/84.0.4147.135 Safari/537.36 | 50.560 ms | 50.927 |
::1 | - | [Wed, 26 Aug 2020 21:41:48 GMT] | OPTIONS /api/director/get_departments | HTTP/1.1 | 204 | 0 | http://localhost:8080/director/departments | Mozilla/5.0 (Windows NT 10.0; Win64; x64) AppleWebKit/537.36 (KHTML, like Gecko) Chrome/84.0.4147.135 Safari/537.36 | 0.113 ms | 0.425 |
::1 | - | [Wed, 26 Aug 2020 21:41:48 GMT] | GET /api/director/get_departments | HTTP/1.1 | 200 | - | http://localhost:8080/director/departments | Mozilla/5.0 (Windows NT 10.0; Win64; x64) AppleWebKit/537.36 (KHTML, like Gecko) Chrome/84.0.4147.135 Safari/537.36 | 5.568 ms | 5.830 |
::1 | - | [Wed, 26 Aug 2020 21:42:25 GMT] | OPTIONS /api/director/procurements | HTTP/1.1 | 204 | 0 | http://localhost:8080/director | Mozilla/5.0 (Windows NT 10.0; Win64; x64) AppleWebKit/537.36 (KHTML, like Gecko) Chrome/84.0.4147.135 Safari/537.36 | 0.133 ms | 0.486 |
::1 | - | [Wed, 26 Aug 2020 21:42:25 GMT] | OPTIONS /api/director/get_suppliers | HTTP/1.1 | 204 | 0 | http://localhost:8080/director | Mozilla/5.0 (Windows NT 10.0; Win64; x64) AppleWebKit/537.36 (KHTML, like Gecko) Chrome/84.0.4147.135 Safari/537.36 | 0.144 ms | 0.400 |
::1 | - | [Wed, 26 Aug 2020 21:42:25 GMT] | GET /api/director/get_suppliers | HTTP/1.1 | 200 | - | http://localhost:8080/director | Mozilla/5.0 (Windows NT 10.0; Win64; x64) AppleWebKit/537.36 (KHTML, like Gecko) Chrome/84.0.4147.135 Safari/537.36 | 13.415 ms | 13.640 |
::1 | - | [Wed, 26 Aug 2020 21:42:25 GMT] | GET /api/director/procurements | HTTP/1.1 | 200 | - | http://localhost:8080/director | Mozilla/5.0 (Windows NT 10.0; Win64; x64) AppleWebKit/537.36 (KHTML, like Gecko) Chrome/84.0.4147.135 Safari/537.36 | 48.113 ms | 48.390 |
::1 | - | [Wed, 26 Aug 2020 21:42:25 GMT] | OPTIONS /api/director/get_recent_products | HTTP/1.1 | 204 | 0 | http://localhost:8080/director | Mozilla/5.0 (Windows NT 10.0; Win64; x64) AppleWebKit/537.36 (KHTML, like Gecko) Chrome/84.0.4147.135 Safari/537.36 | 0.092 ms | 0.339 |
::1 | - | [Wed, 26 Aug 2020 21:42:25 GMT] | OPTIONS /api/director/get_approved_requisitions | HTTP/1.1 | 204 | 0 | http://localhost:8080/director | Mozilla/5.0 (Windows NT 10.0; Win64; x64) AppleWebKit/537.36 (KHTML, like Gecko) Chrome/84.0.4147.135 Safari/537.36 | 0.081 ms | 0.274 |
::1 | - | [Wed, 26 Aug 2020 21:42:25 GMT] | GET /api/director/procurements | HTTP/1.1 | 200 | - | http://localhost:8080/director | Mozilla/5.0 (Windows NT 10.0; Win64; x64) AppleWebKit/537.36 (KHTML, like Gecko) Chrome/84.0.4147.135 Safari/537.36 | 30.193 ms | 30.455 |
::1 | - | [Wed, 26 Aug 2020 21:42:25 GMT] | GET /api/director/get_recent_products | HTTP/1.1 | 200 | - | http://localhost:8080/director | Mozilla/5.0 (Windows NT 10.0; Win64; x64) AppleWebKit/537.36 (KHTML, like Gecko) Chrome/84.0.4147.135 Safari/537.36 | 34.768 ms | 34.974 |
::1 | - | [Wed, 26 Aug 2020 21:42:25 GMT] | GET /api/director/get_approved_requisitions | HTTP/1.1 | 200 | - | http://localhost:8080/director | Mozilla/5.0 (Windows NT 10.0; Win64; x64) AppleWebKit/537.36 (KHTML, like Gecko) Chrome/84.0.4147.135 Safari/537.36 | 55.564 ms | 55.742 |
::1 | - | [Wed, 26 Aug 2020 21:42:45 GMT] | OPTIONS /api/director/get_departments | HTTP/1.1 | 204 | 0 | http://localhost:8080/director/departments | Mozilla/5.0 (Windows NT 10.0; Win64; x64) AppleWebKit/537.36 (KHTML, like Gecko) Chrome/84.0.4147.135 Safari/537.36 | 0.112 ms | 0.343 |
::1 | - | [Wed, 26 Aug 2020 21:42:45 GMT] | GET /api/director/get_departments | HTTP/1.1 | 200 | - | http://localhost:8080/director/departments | Mozilla/5.0 (Windows NT 10.0; Win64; x64) AppleWebKit/537.36 (KHTML, like Gecko) Chrome/84.0.4147.135 Safari/537.36 | 4.653 ms | 4.966 |
::1 | - | [Wed, 26 Aug 2020 21:43:11 GMT] | OPTIONS /api/director/procurements | HTTP/1.1 | 204 | 0 | http://localhost:8080/director | Mozilla/5.0 (Windows NT 10.0; Win64; x64) AppleWebKit/537.36 (KHTML, like Gecko) Chrome/84.0.4147.135 Safari/537.36 | 0.175 ms | 0.686 |
::1 | - | [Wed, 26 Aug 2020 21:43:11 GMT] | OPTIONS /api/director/get_suppliers | HTTP/1.1 | 204 | 0 | http://localhost:8080/director | Mozilla/5.0 (Windows NT 10.0; Win64; x64) AppleWebKit/537.36 (KHTML, like Gecko) Chrome/84.0.4147.135 Safari/537.36 | 0.526 ms | 0.905 |
::1 | - | [Wed, 26 Aug 2020 21:43:11 GMT] | GET /api/director/get_suppliers | HTTP/1.1 | 200 | - | http://localhost:8080/director | Mozilla/5.0 (Windows NT 10.0; Win64; x64) AppleWebKit/537.36 (KHTML, like Gecko) Chrome/84.0.4147.135 Safari/537.36 | 15.806 ms | 16.146 |
::1 | - | [Wed, 26 Aug 2020 21:43:11 GMT] | GET /api/director/procurements | HTTP/1.1 | 200 | - | http://localhost:8080/director | Mozilla/5.0 (Windows NT 10.0; Win64; x64) AppleWebKit/537.36 (KHTML, like Gecko) Chrome/84.0.4147.135 Safari/537.36 | 58.378 ms | 58.601 |
::1 | - | [Wed, 26 Aug 2020 21:43:11 GMT] | OPTIONS /api/director/get_recent_products | HTTP/1.1 | 204 | 0 | http://localhost:8080/director | Mozilla/5.0 (Windows NT 10.0; Win64; x64) AppleWebKit/537.36 (KHTML, like Gecko) Chrome/84.0.4147.135 Safari/537.36 | 0.065 ms | 0.287 |
::1 | - | [Wed, 26 Aug 2020 21:43:11 GMT] | OPTIONS /api/director/get_approved_requisitions | HTTP/1.1 | 204 | 0 | http://localhost:8080/director | Mozilla/5.0 (Windows NT 10.0; Win64; x64) AppleWebKit/537.36 (KHTML, like Gecko) Chrome/84.0.4147.135 Safari/537.36 | 0.074 ms | 0.269 |
::1 | - | [Wed, 26 Aug 2020 21:43:11 GMT] | GET /api/director/procurements | HTTP/1.1 | 200 | - | http://localhost:8080/director | Mozilla/5.0 (Windows NT 10.0; Win64; x64) AppleWebKit/537.36 (KHTML, like Gecko) Chrome/84.0.4147.135 Safari/537.36 | 38.326 ms | 38.545 |
::1 | - | [Wed, 26 Aug 2020 21:43:11 GMT] | GET /api/director/get_recent_products | HTTP/1.1 | 200 | - | http://localhost:8080/director | Mozilla/5.0 (Windows NT 10.0; Win64; x64) AppleWebKit/537.36 (KHTML, like Gecko) Chrome/84.0.4147.135 Safari/537.36 | 41.497 ms | 41.688 |
::1 | - | [Wed, 26 Aug 2020 21:43:11 GMT] | GET /api/director/get_approved_requisitions | HTTP/1.1 | 200 | - | http://localhost:8080/director | Mozilla/5.0 (Windows NT 10.0; Win64; x64) AppleWebKit/537.36 (KHTML, like Gecko) Chrome/84.0.4147.135 Safari/537.36 | 61.626 ms | 62.118 |
::1 | - | [Wed, 26 Aug 2020 21:43:46 GMT] | OPTIONS /api/director/get_departments | HTTP/1.1 | 204 | 0 | http://localhost:8080/director/departments | Mozilla/5.0 (Windows NT 10.0; Win64; x64) AppleWebKit/537.36 (KHTML, like Gecko) Chrome/84.0.4147.135 Safari/537.36 | 0.117 ms | 0.489 |
::1 | - | [Wed, 26 Aug 2020 21:43:46 GMT] | GET /api/director/get_departments | HTTP/1.1 | 200 | - | http://localhost:8080/director/departments | Mozilla/5.0 (Windows NT 10.0; Win64; x64) AppleWebKit/537.36 (KHTML, like Gecko) Chrome/84.0.4147.135 Safari/537.36 | 4.543 ms | 4.852 |
::1 | - | [Wed, 26 Aug 2020 21:43:49 GMT] | OPTIONS /api/director/procurements | HTTP/1.1 | 204 | 0 | http://localhost:8080/director | Mozilla/5.0 (Windows NT 10.0; Win64; x64) AppleWebKit/537.36 (KHTML, like Gecko) Chrome/84.0.4147.135 Safari/537.36 | 0.107 ms | 0.411 |
::1 | - | [Wed, 26 Aug 2020 21:43:49 GMT] | OPTIONS /api/director/get_suppliers | HTTP/1.1 | 204 | 0 | http://localhost:8080/director | Mozilla/5.0 (Windows NT 10.0; Win64; x64) AppleWebKit/537.36 (KHTML, like Gecko) Chrome/84.0.4147.135 Safari/537.36 | 0.130 ms | 0.384 |
::1 | - | [Wed, 26 Aug 2020 21:43:49 GMT] | OPTIONS /api/director/get_recent_products | HTTP/1.1 | 204 | 0 | http://localhost:8080/director | Mozilla/5.0 (Windows NT 10.0; Win64; x64) AppleWebKit/537.36 (KHTML, like Gecko) Chrome/84.0.4147.135 Safari/537.36 | 0.107 ms | 0.379 |
::1 | - | [Wed, 26 Aug 2020 21:43:49 GMT] | OPTIONS /api/director/get_approved_requisitions | HTTP/1.1 | 204 | 0 | http://localhost:8080/director | Mozilla/5.0 (Windows NT 10.0; Win64; x64) AppleWebKit/537.36 (KHTML, like Gecko) Chrome/84.0.4147.135 Safari/537.36 | 0.086 ms | 0.335 |
::1 | - | [Wed, 26 Aug 2020 21:43:49 GMT] | GET /api/director/procurements | HTTP/1.1 | 200 | - | http://localhost:8080/director | Mozilla/5.0 (Windows NT 10.0; Win64; x64) AppleWebKit/537.36 (KHTML, like Gecko) Chrome/84.0.4147.135 Safari/537.36 | 29.960 ms | 30.154 |
::1 | - | [Wed, 26 Aug 2020 21:43:49 GMT] | GET /api/director/get_recent_products | HTTP/1.1 | 200 | - | http://localhost:8080/director | Mozilla/5.0 (Windows NT 10.0; Win64; x64) AppleWebKit/537.36 (KHTML, like Gecko) Chrome/84.0.4147.135 Safari/537.36 | 56.882 ms | 57.072 |
::1 | - | [Wed, 26 Aug 2020 21:43:49 GMT] | GET /api/director/get_suppliers | HTTP/1.1 | 200 | - | http://localhost:8080/director | Mozilla/5.0 (Windows NT 10.0; Win64; x64) AppleWebKit/537.36 (KHTML, like Gecko) Chrome/84.0.4147.135 Safari/537.36 | 67.126 ms | 67.330 |
::1 | - | [Wed, 26 Aug 2020 21:43:49 GMT] | GET /api/director/get_approved_requisitions | HTTP/1.1 | 200 | - | http://localhost:8080/director | Mozilla/5.0 (Windows NT 10.0; Win64; x64) AppleWebKit/537.36 (KHTML, like Gecko) Chrome/84.0.4147.135 Safari/537.36 | 58.525 ms | 58.710 |
::1 | - | [Wed, 26 Aug 2020 21:43:49 GMT] | GET /api/director/procurements | HTTP/1.1 | 200 | - | http://localhost:8080/director | Mozilla/5.0 (Windows NT 10.0; Win64; x64) AppleWebKit/537.36 (KHTML, like Gecko) Chrome/84.0.4147.135 Safari/537.36 | 41.712 ms | 41.921 |
::1 | - | [Wed, 26 Aug 2020 21:45:36 GMT] | OPTIONS /api/director/get_departments | HTTP/1.1 | 204 | 0 | http://localhost:8080/director/departments | Mozilla/5.0 (Windows NT 10.0; Win64; x64) AppleWebKit/537.36 (KHTML, like Gecko) Chrome/84.0.4147.135 Safari/537.36 | 0.060 ms | 0.244 |
::1 | - | [Wed, 26 Aug 2020 21:45:36 GMT] | GET /api/director/get_departments | HTTP/1.1 | 200 | - | http://localhost:8080/director/departments | Mozilla/5.0 (Windows NT 10.0; Win64; x64) AppleWebKit/537.36 (KHTML, like Gecko) Chrome/84.0.4147.135 Safari/537.36 | 3.139 ms | 3.329 |
::1 | - | [Wed, 26 Aug 2020 21:45:40 GMT] | OPTIONS /api/director/procurements | HTTP/1.1 | 204 | 0 | http://localhost:8080/director | Mozilla/5.0 (Windows NT 10.0; Win64; x64) AppleWebKit/537.36 (KHTML, like Gecko) Chrome/84.0.4147.135 Safari/537.36 | 0.110 ms | 0.410 |
::1 | - | [Wed, 26 Aug 2020 21:45:40 GMT] | OPTIONS /api/director/get_suppliers | HTTP/1.1 | 204 | 0 | http://localhost:8080/director | Mozilla/5.0 (Windows NT 10.0; Win64; x64) AppleWebKit/537.36 (KHTML, like Gecko) Chrome/84.0.4147.135 Safari/537.36 | 0.091 ms | 0.366 |
::1 | - | [Wed, 26 Aug 2020 21:45:40 GMT] | GET /api/director/procurements | HTTP/1.1 | 200 | - | http://localhost:8080/director | Mozilla/5.0 (Windows NT 10.0; Win64; x64) AppleWebKit/537.36 (KHTML, like Gecko) Chrome/84.0.4147.135 Safari/537.36 | 27.924 ms | 28.104 |
::1 | - | [Wed, 26 Aug 2020 21:45:40 GMT] | GET /api/director/get_suppliers | HTTP/1.1 | 200 | - | http://localhost:8080/director | Mozilla/5.0 (Windows NT 10.0; Win64; x64) AppleWebKit/537.36 (KHTML, like Gecko) Chrome/84.0.4147.135 Safari/537.36 | 37.700 ms | 37.904 |
::1 | - | [Wed, 26 Aug 2020 21:45:40 GMT] | OPTIONS /api/director/get_recent_products | HTTP/1.1 | 204 | 0 | http://localhost:8080/director | Mozilla/5.0 (Windows NT 10.0; Win64; x64) AppleWebKit/537.36 (KHTML, like Gecko) Chrome/84.0.4147.135 Safari/537.36 | 0.078 ms | 0.245 |
::1 | - | [Wed, 26 Aug 2020 21:45:40 GMT] | OPTIONS /api/director/get_approved_requisitions | HTTP/1.1 | 204 | 0 | http://localhost:8080/director | Mozilla/5.0 (Windows NT 10.0; Win64; x64) AppleWebKit/537.36 (KHTML, like Gecko) Chrome/84.0.4147.135 Safari/537.36 | 0.049 ms | 0.200 |
::1 | - | [Wed, 26 Aug 2020 21:45:40 GMT] | GET /api/director/procurements | HTTP/1.1 | 200 | - | http://localhost:8080/director | Mozilla/5.0 (Windows NT 10.0; Win64; x64) AppleWebKit/537.36 (KHTML, like Gecko) Chrome/84.0.4147.135 Safari/537.36 | 25.521 ms | 25.663 |
::1 | - | [Wed, 26 Aug 2020 21:45:41 GMT] | GET /api/director/get_recent_products | HTTP/1.1 | 200 | - | http://localhost:8080/director | Mozilla/5.0 (Windows NT 10.0; Win64; x64) AppleWebKit/537.36 (KHTML, like Gecko) Chrome/84.0.4147.135 Safari/537.36 | 30.555 ms | 30.773 |
::1 | - | [Wed, 26 Aug 2020 21:45:41 GMT] | GET /api/director/get_approved_requisitions | HTTP/1.1 | 200 | - | http://localhost:8080/director | Mozilla/5.0 (Windows NT 10.0; Win64; x64) AppleWebKit/537.36 (KHTML, like Gecko) Chrome/84.0.4147.135 Safari/537.36 | 49.586 ms | 49.778 |
::1 | - | [Thu, 27 Aug 2020 04:39:58 GMT] | OPTIONS /api/director/get_requisition_requests | HTTP/1.1 | 204 | 0 | http://localhost:8080/director | Mozilla/5.0 (Windows NT 10.0; Win64; x64) AppleWebKit/537.36 (KHTML, like Gecko) Chrome/84.0.4147.135 Safari/537.36 | 0.117 ms | 0.398 |
::1 | - | [Thu, 27 Aug 2020 04:39:58 GMT] | OPTIONS /api/director/get_tec_appointment_requests | HTTP/1.1 | 204 | 0 | http://localhost:8080/director | Mozilla/5.0 (Windows NT 10.0; Win64; x64) AppleWebKit/537.36 (KHTML, like Gecko) Chrome/84.0.4147.135 Safari/537.36 | 0.055 ms | 0.263 |
::1 | - | [Thu, 27 Aug 2020 04:39:58 GMT] | OPTIONS /api/director/procurements | HTTP/1.1 | 204 | 0 | http://localhost:8080/director | Mozilla/5.0 (Windows NT 10.0; Win64; x64) AppleWebKit/537.36 (KHTML, like Gecko) Chrome/84.0.4147.135 Safari/537.36 | 0.101 ms | 0.421 |
::1 | - | [Thu, 27 Aug 2020 04:39:58 GMT] | OPTIONS /api/director/get_suppliers | HTTP/1.1 | 204 | 0 | http://localhost:8080/director | Mozilla/5.0 (Windows NT 10.0; Win64; x64) AppleWebKit/537.36 (KHTML, like Gecko) Chrome/84.0.4147.135 Safari/537.36 | 0.114 ms | 0.428 |
::1 | - | [Thu, 27 Aug 2020 04:39:58 GMT] | OPTIONS /api/director/get_recent_products | HTTP/1.1 | 204 | 0 | http://localhost:8080/director | Mozilla/5.0 (Windows NT 10.0; Win64; x64) AppleWebKit/537.36 (KHTML, like Gecko) Chrome/84.0.4147.135 Safari/537.36 | 0.096 ms | 0.289 |
::1 | - | [Thu, 27 Aug 2020 04:39:58 GMT] | OPTIONS /api/director/get_approved_requisitions | HTTP/1.1 | 204 | 0 | http://localhost:8080/director | Mozilla/5.0 (Windows NT 10.0; Win64; x64) AppleWebKit/537.36 (KHTML, like Gecko) Chrome/84.0.4147.135 Safari/537.36 | 0.302 ms | 0.846 |
::1 | - | [Thu, 27 Aug 2020 04:39:58 GMT] | OPTIONS /api/director/procurements | HTTP/1.1 | 204 | 0 | http://localhost:8080/director | Mozilla/5.0 (Windows NT 10.0; Win64; x64) AppleWebKit/537.36 (KHTML, like Gecko) Chrome/84.0.4147.135 Safari/537.36 | 0.093 ms | 0.332 |
::1 | - | [Thu, 27 Aug 2020 04:39:58 GMT] | GET /api/director/get_tec_appointment_requests | HTTP/1.1 | 200 | - | http://localhost:8080/director | Mozilla/5.0 (Windows NT 10.0; Win64; x64) AppleWebKit/537.36 (KHTML, like Gecko) Chrome/84.0.4147.135 Safari/537.36 | 25.817 ms | 26.241 |
::1 | - | [Thu, 27 Aug 2020 04:39:58 GMT] | GET /api/director/get_requisition_requests | HTTP/1.1 | 200 | - | http://localhost:8080/director | Mozilla/5.0 (Windows NT 10.0; Win64; x64) AppleWebKit/537.36 (KHTML, like Gecko) Chrome/84.0.4147.135 Safari/537.36 | 55.778 ms | 56.032 |
::1 | - | [Thu, 27 Aug 2020 04:39:58 GMT] | GET /api/director/procurements | HTTP/1.1 | 200 | - | http://localhost:8080/director | Mozilla/5.0 (Windows NT 10.0; Win64; x64) AppleWebKit/537.36 (KHTML, like Gecko) Chrome/84.0.4147.135 Safari/537.36 | 73.484 ms | 73.727 |
::1 | - | [Thu, 27 Aug 2020 04:39:58 GMT] | GET /api/director/get_suppliers | HTTP/1.1 | 200 | - | http://localhost:8080/director | Mozilla/5.0 (Windows NT 10.0; Win64; x64) AppleWebKit/537.36 (KHTML, like Gecko) Chrome/84.0.4147.135 Safari/537.36 | 85.367 ms | 85.673 |
::1 | - | [Thu, 27 Aug 2020 04:39:58 GMT] | GET /api/director/get_recent_products | HTTP/1.1 | 200 | - | http://localhost:8080/director | Mozilla/5.0 (Windows NT 10.0; Win64; x64) AppleWebKit/537.36 (KHTML, like Gecko) Chrome/84.0.4147.135 Safari/537.36 | 93.055 ms | 93.351 |
::1 | - | [Thu, 27 Aug 2020 04:39:58 GMT] | GET /api/director/get_approved_requisitions | HTTP/1.1 | 200 | - | http://localhost:8080/director | Mozilla/5.0 (Windows NT 10.0; Win64; x64) AppleWebKit/537.36 (KHTML, like Gecko) Chrome/84.0.4147.135 Safari/537.36 | 118.106 ms | 118.335 |
::1 | - | [Thu, 27 Aug 2020 04:39:58 GMT] | GET /api/director/procurements | HTTP/1.1 | 200 | - | http://localhost:8080/director | Mozilla/5.0 (Windows NT 10.0; Win64; x64) AppleWebKit/537.36 (KHTML, like Gecko) Chrome/84.0.4147.135 Safari/537.36 | 61.714 ms | 61.946 |
::1 | - | [Thu, 27 Aug 2020 04:40:27 GMT] | OPTIONS /api/director/get_departments | HTTP/1.1 | 204 | 0 | http://localhost:8080/director/departments | Mozilla/5.0 (Windows NT 10.0; Win64; x64) AppleWebKit/537.36 (KHTML, like Gecko) Chrome/84.0.4147.135 Safari/537.36 | 0.207 ms | 0.886 |
::1 | - | [Thu, 27 Aug 2020 04:40:27 GMT] | GET /api/director/get_departments | HTTP/1.1 | 200 | - | http://localhost:8080/director/departments | Mozilla/5.0 (Windows NT 10.0; Win64; x64) AppleWebKit/537.36 (KHTML, like Gecko) Chrome/84.0.4147.135 Safari/537.36 | 3.326 ms | 3.538 |
::1 | - | [Thu, 27 Aug 2020 04:40:29 GMT] | OPTIONS /api/director/procurements | HTTP/1.1 | 204 | 0 | http://localhost:8080/director | Mozilla/5.0 (Windows NT 10.0; Win64; x64) AppleWebKit/537.36 (KHTML, like Gecko) Chrome/84.0.4147.135 Safari/537.36 | 0.090 ms | 0.381 |
::1 | - | [Thu, 27 Aug 2020 04:40:29 GMT] | OPTIONS /api/director/get_suppliers | HTTP/1.1 | 204 | 0 | http://localhost:8080/director | Mozilla/5.0 (Windows NT 10.0; Win64; x64) AppleWebKit/537.36 (KHTML, like Gecko) Chrome/84.0.4147.135 Safari/537.36 | 0.083 ms | 0.238 |
::1 | - | [Thu, 27 Aug 2020 04:40:29 GMT] | GET /api/director/procurements | HTTP/1.1 | 200 | - | http://localhost:8080/director | Mozilla/5.0 (Windows NT 10.0; Win64; x64) AppleWebKit/537.36 (KHTML, like Gecko) Chrome/84.0.4147.135 Safari/537.36 | 26.799 ms | 27.056 |
::1 | - | [Thu, 27 Aug 2020 04:40:29 GMT] | OPTIONS /api/director/get_recent_products | HTTP/1.1 | 204 | 0 | http://localhost:8080/director | Mozilla/5.0 (Windows NT 10.0; Win64; x64) AppleWebKit/537.36 (KHTML, like Gecko) Chrome/84.0.4147.135 Safari/537.36 | 0.049 ms | 0.225 |
::1 | - | [Thu, 27 Aug 2020 04:40:29 GMT] | OPTIONS /api/director/get_approved_requisitions | HTTP/1.1 | 204 | 0 | http://localhost:8080/director | Mozilla/5.0 (Windows NT 10.0; Win64; x64) AppleWebKit/537.36 (KHTML, like Gecko) Chrome/84.0.4147.135 Safari/537.36 | 0.072 ms | 0.194 |
::1 | - | [Thu, 27 Aug 2020 04:40:29 GMT] | GET /api/director/get_suppliers | HTTP/1.1 | 200 | - | http://localhost:8080/director | Mozilla/5.0 (Windows NT 10.0; Win64; x64) AppleWebKit/537.36 (KHTML, like Gecko) Chrome/84.0.4147.135 Safari/537.36 | 37.482 ms | 37.702 |
::1 | - | [Thu, 27 Aug 2020 04:40:29 GMT] | GET /api/director/procurements | HTTP/1.1 | 200 | - | http://localhost:8080/director | Mozilla/5.0 (Windows NT 10.0; Win64; x64) AppleWebKit/537.36 (KHTML, like Gecko) Chrome/84.0.4147.135 Safari/537.36 | 28.451 ms | 28.719 |
::1 | - | [Thu, 27 Aug 2020 04:40:29 GMT] | GET /api/director/get_recent_products | HTTP/1.1 | 200 | - | http://localhost:8080/director | Mozilla/5.0 (Windows NT 10.0; Win64; x64) AppleWebKit/537.36 (KHTML, like Gecko) Chrome/84.0.4147.135 Safari/537.36 | 55.217 ms | 55.359 |
::1 | - | [Thu, 27 Aug 2020 04:40:29 GMT] | GET /api/director/get_approved_requisitions | HTTP/1.1 | 200 | - | http://localhost:8080/director | Mozilla/5.0 (Windows NT 10.0; Win64; x64) AppleWebKit/537.36 (KHTML, like Gecko) Chrome/84.0.4147.135 Safari/537.36 | 72.468 ms | 72.630 |
::1 | - | [Thu, 27 Aug 2020 04:40:38 GMT] | OPTIONS /api/director/get_requisition_requests | HTTP/1.1 | 204 | 0 | http://localhost:8080/director | Mozilla/5.0 (Windows NT 10.0; Win64; x64) AppleWebKit/537.36 (KHTML, like Gecko) Chrome/84.0.4147.135 Safari/537.36 | 0.103 ms | 0.321 |
::1 | - | [Thu, 27 Aug 2020 04:40:38 GMT] | OPTIONS /api/director/get_tec_appointment_requests | HTTP/1.1 | 204 | 0 | http://localhost:8080/director | Mozilla/5.0 (Windows NT 10.0; Win64; x64) AppleWebKit/537.36 (KHTML, like Gecko) Chrome/84.0.4147.135 Safari/537.36 | 0.069 ms | 0.252 |
::1 | - | [Thu, 27 Aug 2020 04:40:38 GMT] | OPTIONS /api/director/procurements | HTTP/1.1 | 204 | 0 | http://localhost:8080/director | Mozilla/5.0 (Windows NT 10.0; Win64; x64) AppleWebKit/537.36 (KHTML, like Gecko) Chrome/84.0.4147.135 Safari/537.36 | 0.212 ms | 0.778 |
::1 | - | [Thu, 27 Aug 2020 04:40:38 GMT] | OPTIONS /api/director/get_suppliers | HTTP/1.1 | 204 | 0 | http://localhost:8080/director | Mozilla/5.0 (Windows NT 10.0; Win64; x64) AppleWebKit/537.36 (KHTML, like Gecko) Chrome/84.0.4147.135 Safari/537.36 | 0.110 ms | 0.332 |
::1 | - | [Thu, 27 Aug 2020 04:40:38 GMT] | OPTIONS /api/director/get_recent_products | HTTP/1.1 | 204 | 0 | http://localhost:8080/director | Mozilla/5.0 (Windows NT 10.0; Win64; x64) AppleWebKit/537.36 (KHTML, like Gecko) Chrome/84.0.4147.135 Safari/537.36 | 0.061 ms | 0.251 |
::1 | - | [Thu, 27 Aug 2020 04:40:38 GMT] | OPTIONS /api/director/get_approved_requisitions | HTTP/1.1 | 204 | 0 | http://localhost:8080/director | Mozilla/5.0 (Windows NT 10.0; Win64; x64) AppleWebKit/537.36 (KHTML, like Gecko) Chrome/84.0.4147.135 Safari/537.36 | 0.095 ms | 0.306 |
::1 | - | [Thu, 27 Aug 2020 04:40:38 GMT] | OPTIONS /api/director/procurements | HTTP/1.1 | 204 | 0 | http://localhost:8080/director | Mozilla/5.0 (Windows NT 10.0; Win64; x64) AppleWebKit/537.36 (KHTML, like Gecko) Chrome/84.0.4147.135 Safari/537.36 | 0.247 ms | 0.517 |
::1 | - | [Thu, 27 Aug 2020 04:40:38 GMT] | GET /api/director/get_requisition_requests | HTTP/1.1 | 200 | - | http://localhost:8080/director | Mozilla/5.0 (Windows NT 10.0; Win64; x64) AppleWebKit/537.36 (KHTML, like Gecko) Chrome/84.0.4147.135 Safari/537.36 | 33.784 ms | 34.015 |
::1 | - | [Thu, 27 Aug 2020 04:40:38 GMT] | GET /api/director/get_tec_appointment_requests | HTTP/1.1 | 200 | - | http://localhost:8080/director | Mozilla/5.0 (Windows NT 10.0; Win64; x64) AppleWebKit/537.36 (KHTML, like Gecko) Chrome/84.0.4147.135 Safari/537.36 | 50.353 ms | 50.551 |
::1 | - | [Thu, 27 Aug 2020 04:40:38 GMT] | GET /api/director/procurements | HTTP/1.1 | 200 | - | http://localhost:8080/director | Mozilla/5.0 (Windows NT 10.0; Win64; x64) AppleWebKit/537.36 (KHTML, like Gecko) Chrome/84.0.4147.135 Safari/537.36 | 88.894 ms | 89.123 |
::1 | - | [Thu, 27 Aug 2020 04:40:38 GMT] | GET /api/director/get_suppliers | HTTP/1.1 | 200 | - | http://localhost:8080/director | Mozilla/5.0 (Windows NT 10.0; Win64; x64) AppleWebKit/537.36 (KHTML, like Gecko) Chrome/84.0.4147.135 Safari/537.36 | 54.540 ms | 54.761 |
::1 | - | [Thu, 27 Aug 2020 04:40:38 GMT] | GET /api/director/get_recent_products | HTTP/1.1 | 200 | - | http://localhost:8080/director | Mozilla/5.0 (Windows NT 10.0; Win64; x64) AppleWebKit/537.36 (KHTML, like Gecko) Chrome/84.0.4147.135 Safari/537.36 | 85.647 ms | 85.866 |
::1 | - | [Thu, 27 Aug 2020 04:40:38 GMT] | GET /api/director/get_approved_requisitions | HTTP/1.1 | 200 | - | http://localhost:8080/director | Mozilla/5.0 (Windows NT 10.0; Win64; x64) AppleWebKit/537.36 (KHTML, like Gecko) Chrome/84.0.4147.135 Safari/537.36 | 104.948 ms | 105.125 |
::1 | - | [Thu, 27 Aug 2020 04:40:38 GMT] | GET /api/director/procurements | HTTP/1.1 | 200 | - | http://localhost:8080/director | Mozilla/5.0 (Windows NT 10.0; Win64; x64) AppleWebKit/537.36 (KHTML, like Gecko) Chrome/84.0.4147.135 Safari/537.36 | 101.881 ms | 102.261 |
::1 | - | [Thu, 27 Aug 2020 04:40:44 GMT] | OPTIONS /api/director/get_departments | HTTP/1.1 | 204 | 0 | http://localhost:8080/director/departments | Mozilla/5.0 (Windows NT 10.0; Win64; x64) AppleWebKit/537.36 (KHTML, like Gecko) Chrome/84.0.4147.135 Safari/537.36 | 0.068 ms | 0.257 |
::1 | - | [Thu, 27 Aug 2020 04:40:44 GMT] | GET /api/director/get_departments | HTTP/1.1 | 200 | - | http://localhost:8080/director/departments | Mozilla/5.0 (Windows NT 10.0; Win64; x64) AppleWebKit/537.36 (KHTML, like Gecko) Chrome/84.0.4147.135 Safari/537.36 | 4.562 ms | 4.945 |
::1 | - | [Thu, 27 Aug 2020 04:45:01 GMT] | OPTIONS /api/director/get_departments | HTTP/1.1 | 204 | 0 | http://localhost:8080/director/departments | Mozilla/5.0 (Windows NT 10.0; Win64; x64) AppleWebKit/537.36 (KHTML, like Gecko) Chrome/84.0.4147.135 Safari/537.36 | 0.070 ms | 0.251 |
::1 | - | [Thu, 27 Aug 2020 04:45:01 GMT] | GET /api/director/get_departments | HTTP/1.1 | 200 | - | http://localhost:8080/director/departments | Mozilla/5.0 (Windows NT 10.0; Win64; x64) AppleWebKit/537.36 (KHTML, like Gecko) Chrome/84.0.4147.135 Safari/537.36 | 2.330 ms | 2.451 |
::1 | - | [Thu, 27 Aug 2020 04:45:24 GMT] | OPTIONS /api/director/procurements | HTTP/1.1 | 204 | 0 | http://localhost:8080/director | Mozilla/5.0 (Windows NT 10.0; Win64; x64) AppleWebKit/537.36 (KHTML, like Gecko) Chrome/84.0.4147.135 Safari/537.36 | 0.127 ms | 0.329 |
::1 | - | [Thu, 27 Aug 2020 04:45:24 GMT] | OPTIONS /api/director/get_suppliers | HTTP/1.1 | 204 | 0 | http://localhost:8080/director | Mozilla/5.0 (Windows NT 10.0; Win64; x64) AppleWebKit/537.36 (KHTML, like Gecko) Chrome/84.0.4147.135 Safari/537.36 | 0.106 ms | 0.345 |
::1 | - | [Thu, 27 Aug 2020 04:45:24 GMT] | GET /api/director/get_suppliers | HTTP/1.1 | 200 | - | http://localhost:8080/director | Mozilla/5.0 (Windows NT 10.0; Win64; x64) AppleWebKit/537.36 (KHTML, like Gecko) Chrome/84.0.4147.135 Safari/537.36 | 11.542 ms | 11.728 |
::1 | - | [Thu, 27 Aug 2020 04:45:24 GMT] | GET /api/director/procurements | HTTP/1.1 | 200 | - | http://localhost:8080/director | Mozilla/5.0 (Windows NT 10.0; Win64; x64) AppleWebKit/537.36 (KHTML, like Gecko) Chrome/84.0.4147.135 Safari/537.36 | 47.687 ms | 47.882 |
::1 | - | [Thu, 27 Aug 2020 04:45:24 GMT] | OPTIONS /api/director/get_recent_products | HTTP/1.1 | 204 | 0 | http://localhost:8080/director | Mozilla/5.0 (Windows NT 10.0; Win64; x64) AppleWebKit/537.36 (KHTML, like Gecko) Chrome/84.0.4147.135 Safari/537.36 | 0.148 ms | 0.354 |
::1 | - | [Thu, 27 Aug 2020 04:45:24 GMT] | OPTIONS /api/director/get_approved_requisitions | HTTP/1.1 | 204 | 0 | http://localhost:8080/director | Mozilla/5.0 (Windows NT 10.0; Win64; x64) AppleWebKit/537.36 (KHTML, like Gecko) Chrome/84.0.4147.135 Safari/537.36 | 0.114 ms | 0.273 |
::1 | - | [Thu, 27 Aug 2020 04:45:25 GMT] | GET /api/director/procurements | HTTP/1.1 | 200 | - | http://localhost:8080/director | Mozilla/5.0 (Windows NT 10.0; Win64; x64) AppleWebKit/537.36 (KHTML, like Gecko) Chrome/84.0.4147.135 Safari/537.36 | 31.475 ms | 31.717 |
::1 | - | [Thu, 27 Aug 2020 04:45:25 GMT] | GET /api/director/get_recent_products | HTTP/1.1 | 200 | - | http://localhost:8080/director | Mozilla/5.0 (Windows NT 10.0; Win64; x64) AppleWebKit/537.36 (KHTML, like Gecko) Chrome/84.0.4147.135 Safari/537.36 | 31.761 ms | 31.964 |
::1 | - | [Thu, 27 Aug 2020 04:45:25 GMT] | GET /api/director/get_approved_requisitions | HTTP/1.1 | 200 | - | http://localhost:8080/director | Mozilla/5.0 (Windows NT 10.0; Win64; x64) AppleWebKit/537.36 (KHTML, like Gecko) Chrome/84.0.4147.135 Safari/537.36 | 54.998 ms | 55.285 |
::1 | - | [Thu, 27 Aug 2020 04:45:37 GMT] | OPTIONS /api/director/get_departments | HTTP/1.1 | 204 | 0 | http://localhost:8080/director/departments | Mozilla/5.0 (Windows NT 10.0; Win64; x64) AppleWebKit/537.36 (KHTML, like Gecko) Chrome/84.0.4147.135 Safari/537.36 | 0.079 ms | 0.287 |
::1 | - | [Thu, 27 Aug 2020 04:45:37 GMT] | GET /api/director/get_departments | HTTP/1.1 | 200 | - | http://localhost:8080/director/departments | Mozilla/5.0 (Windows NT 10.0; Win64; x64) AppleWebKit/537.36 (KHTML, like Gecko) Chrome/84.0.4147.135 Safari/537.36 | 6.702 ms | 6.919 |
::1 | - | [Thu, 27 Aug 2020 04:48:09 GMT] | OPTIONS /api/director/procurements | HTTP/1.1 | 204 | 0 | http://localhost:8080/director | Mozilla/5.0 (Windows NT 10.0; Win64; x64) AppleWebKit/537.36 (KHTML, like Gecko) Chrome/84.0.4147.135 Safari/537.36 | 0.149 ms | 0.498 |
::1 | - | [Thu, 27 Aug 2020 04:48:09 GMT] | OPTIONS /api/director/get_suppliers | HTTP/1.1 | 204 | 0 | http://localhost:8080/director | Mozilla/5.0 (Windows NT 10.0; Win64; x64) AppleWebKit/537.36 (KHTML, like Gecko) Chrome/84.0.4147.135 Safari/537.36 | 0.096 ms | 0.360 |
::1 | - | [Thu, 27 Aug 2020 04:48:09 GMT] | GET /api/director/procurements | HTTP/1.1 | 200 | - | http://localhost:8080/director | Mozilla/5.0 (Windows NT 10.0; Win64; x64) AppleWebKit/537.36 (KHTML, like Gecko) Chrome/84.0.4147.135 Safari/537.36 | 37.109 ms | 37.394 |
::1 | - | [Thu, 27 Aug 2020 04:48:09 GMT] | OPTIONS /api/director/get_recent_products | HTTP/1.1 | 204 | 0 | http://localhost:8080/director | Mozilla/5.0 (Windows NT 10.0; Win64; x64) AppleWebKit/537.36 (KHTML, like Gecko) Chrome/84.0.4147.135 Safari/537.36 | 0.093 ms | 0.319 |
::1 | - | [Thu, 27 Aug 2020 04:48:09 GMT] | OPTIONS /api/director/get_approved_requisitions | HTTP/1.1 | 204 | 0 | http://localhost:8080/director | Mozilla/5.0 (Windows NT 10.0; Win64; x64) AppleWebKit/537.36 (KHTML, like Gecko) Chrome/84.0.4147.135 Safari/537.36 | 0.077 ms | 0.238 |
::1 | - | [Thu, 27 Aug 2020 04:48:09 GMT] | GET /api/director/procurements | HTTP/1.1 | 200 | - | http://localhost:8080/director | Mozilla/5.0 (Windows NT 10.0; Win64; x64) AppleWebKit/537.36 (KHTML, like Gecko) Chrome/84.0.4147.135 Safari/537.36 | 35.223 ms | 35.537 |
::1 | - | [Thu, 27 Aug 2020 04:48:09 GMT] | GET /api/director/get_suppliers | HTTP/1.1 | 200 | - | http://localhost:8080/director | Mozilla/5.0 (Windows NT 10.0; Win64; x64) AppleWebKit/537.36 (KHTML, like Gecko) Chrome/84.0.4147.135 Safari/537.36 | 88.413 ms | 88.660 |
::1 | - | [Thu, 27 Aug 2020 04:48:09 GMT] | GET /api/director/get_recent_products | HTTP/1.1 | 200 | - | http://localhost:8080/director | Mozilla/5.0 (Windows NT 10.0; Win64; x64) AppleWebKit/537.36 (KHTML, like Gecko) Chrome/84.0.4147.135 Safari/537.36 | 46.264 ms | 46.418 |
::1 | - | [Thu, 27 Aug 2020 04:48:09 GMT] | GET /api/director/get_approved_requisitions | HTTP/1.1 | 200 | - | http://localhost:8080/director | Mozilla/5.0 (Windows NT 10.0; Win64; x64) AppleWebKit/537.36 (KHTML, like Gecko) Chrome/84.0.4147.135 Safari/537.36 | 66.144 ms | 66.404 |
::1 | - | [Thu, 27 Aug 2020 04:48:26 GMT] | OPTIONS /api/director/get_departments | HTTP/1.1 | 204 | 0 | http://localhost:8080/director/departments | Mozilla/5.0 (Windows NT 10.0; Win64; x64) AppleWebKit/537.36 (KHTML, like Gecko) Chrome/84.0.4147.135 Safari/537.36 | 0.136 ms | 0.350 |
::1 | - | [Thu, 27 Aug 2020 04:48:26 GMT] | GET /api/director/get_departments | HTTP/1.1 | 200 | - | http://localhost:8080/director/departments | Mozilla/5.0 (Windows NT 10.0; Win64; x64) AppleWebKit/537.36 (KHTML, like Gecko) Chrome/84.0.4147.135 Safari/537.36 | 5.516 ms | 5.969 |
::1 | - | [Thu, 27 Aug 2020 04:48:29 GMT] | OPTIONS /api/director/procurements | HTTP/1.1 | 204 | 0 | http://localhost:8080/director | Mozilla/5.0 (Windows NT 10.0; Win64; x64) AppleWebKit/537.36 (KHTML, like Gecko) Chrome/84.0.4147.135 Safari/537.36 | 0.207 ms | 0.797 |
::1 | - | [Thu, 27 Aug 2020 04:48:29 GMT] | OPTIONS /api/director/get_suppliers | HTTP/1.1 | 204 | 0 | http://localhost:8080/director | Mozilla/5.0 (Windows NT 10.0; Win64; x64) AppleWebKit/537.36 (KHTML, like Gecko) Chrome/84.0.4147.135 Safari/537.36 | 0.143 ms | 0.409 |
::1 | - | [Thu, 27 Aug 2020 04:48:29 GMT] | GET /api/director/procurements | HTTP/1.1 | 200 | - | http://localhost:8080/director | Mozilla/5.0 (Windows NT 10.0; Win64; x64) AppleWebKit/537.36 (KHTML, like Gecko) Chrome/84.0.4147.135 Safari/537.36 | 29.494 ms | 29.687 |
::1 | - | [Thu, 27 Aug 2020 04:48:29 GMT] | GET /api/director/get_suppliers | HTTP/1.1 | 200 | - | http://localhost:8080/director | Mozilla/5.0 (Windows NT 10.0; Win64; x64) AppleWebKit/537.36 (KHTML, like Gecko) Chrome/84.0.4147.135 Safari/537.36 | 40.138 ms | 40.417 |
::1 | - | [Thu, 27 Aug 2020 04:48:29 GMT] | OPTIONS /api/director/get_recent_products | HTTP/1.1 | 204 | 0 | http://localhost:8080/director | Mozilla/5.0 (Windows NT 10.0; Win64; x64) AppleWebKit/537.36 (KHTML, like Gecko) Chrome/84.0.4147.135 Safari/537.36 | 0.107 ms | 0.295 |
::1 | - | [Thu, 27 Aug 2020 04:48:29 GMT] | OPTIONS /api/director/get_approved_requisitions | HTTP/1.1 | 204 | 0 | http://localhost:8080/director | Mozilla/5.0 (Windows NT 10.0; Win64; x64) AppleWebKit/537.36 (KHTML, like Gecko) Chrome/84.0.4147.135 Safari/537.36 | 0.070 ms | 0.221 |
::1 | - | [Thu, 27 Aug 2020 04:48:29 GMT] | GET /api/director/procurements | HTTP/1.1 | 200 | - | http://localhost:8080/director | Mozilla/5.0 (Windows NT 10.0; Win64; x64) AppleWebKit/537.36 (KHTML, like Gecko) Chrome/84.0.4147.135 Safari/537.36 | 33.933 ms | 34.091 |
::1 | - | [Thu, 27 Aug 2020 04:48:29 GMT] | GET /api/director/get_recent_products | HTTP/1.1 | 200 | - | http://localhost:8080/director | Mozilla/5.0 (Windows NT 10.0; Win64; x64) AppleWebKit/537.36 (KHTML, like Gecko) Chrome/84.0.4147.135 Safari/537.36 | 31.094 ms | 31.244 |
::1 | - | [Thu, 27 Aug 2020 04:48:29 GMT] | GET /api/director/get_approved_requisitions | HTTP/1.1 | 200 | - | http://localhost:8080/director | Mozilla/5.0 (Windows NT 10.0; Win64; x64) AppleWebKit/537.36 (KHTML, like Gecko) Chrome/84.0.4147.135 Safari/537.36 | 54.536 ms | 54.815 |
::1 | - | [Thu, 27 Aug 2020 04:49:53 GMT] | OPTIONS /api/director/get_departments | HTTP/1.1 | 204 | 0 | http://localhost:8080/director/departments | Mozilla/5.0 (Windows NT 10.0; Win64; x64) AppleWebKit/537.36 (KHTML, like Gecko) Chrome/84.0.4147.135 Safari/537.36 | 0.060 ms | 0.289 |
::1 | - | [Thu, 27 Aug 2020 04:49:53 GMT] | GET /api/director/get_departments | HTTP/1.1 | 200 | - | http://localhost:8080/director/departments | Mozilla/5.0 (Windows NT 10.0; Win64; x64) AppleWebKit/537.36 (KHTML, like Gecko) Chrome/84.0.4147.135 Safari/537.36 | 3.860 ms | 4.122 |
::1 | - | [Thu, 27 Aug 2020 04:52:31 GMT] | OPTIONS /api/director/procurements | HTTP/1.1 | 204 | 0 | http://localhost:8080/director | Mozilla/5.0 (Windows NT 10.0; Win64; x64) AppleWebKit/537.36 (KHTML, like Gecko) Chrome/84.0.4147.135 Safari/537.36 | 0.128 ms | 0.380 |
::1 | - | [Thu, 27 Aug 2020 04:52:31 GMT] | OPTIONS /api/director/get_suppliers | HTTP/1.1 | 204 | 0 | http://localhost:8080/director | Mozilla/5.0 (Windows NT 10.0; Win64; x64) AppleWebKit/537.36 (KHTML, like Gecko) Chrome/84.0.4147.135 Safari/537.36 | 0.086 ms | 0.277 |
::1 | - | [Thu, 27 Aug 2020 04:52:31 GMT] | GET /api/director/get_suppliers | HTTP/1.1 | 200 | - | http://localhost:8080/director | Mozilla/5.0 (Windows NT 10.0; Win64; x64) AppleWebKit/537.36 (KHTML, like Gecko) Chrome/84.0.4147.135 Safari/537.36 | 11.768 ms | 12.028 |
::1 | - | [Thu, 27 Aug 2020 04:52:31 GMT] | GET /api/director/procurements | HTTP/1.1 | 200 | - | http://localhost:8080/director | Mozilla/5.0 (Windows NT 10.0; Win64; x64) AppleWebKit/537.36 (KHTML, like Gecko) Chrome/84.0.4147.135 Safari/537.36 | 44.528 ms | 44.871 |
::1 | - | [Thu, 27 Aug 2020 04:52:31 GMT] | OPTIONS /api/director/get_approved_requisitions | HTTP/1.1 | 204 | 0 | http://localhost:8080/director | Mozilla/5.0 (Windows NT 10.0; Win64; x64) AppleWebKit/537.36 (KHTML, like Gecko) Chrome/84.0.4147.135 Safari/537.36 | 0.067 ms | 0.309 |
::1 | - | [Thu, 27 Aug 2020 04:52:31 GMT] | OPTIONS /api/director/get_recent_products | HTTP/1.1 | 204 | 0 | http://localhost:8080/director | Mozilla/5.0 (Windows NT 10.0; Win64; x64) AppleWebKit/537.36 (KHTML, like Gecko) Chrome/84.0.4147.135 Safari/537.36 | 0.078 ms | 0.335 |
::1 | - | [Thu, 27 Aug 2020 04:52:31 GMT] | GET /api/director/procurements | HTTP/1.1 | 200 | - | http://localhost:8080/director | Mozilla/5.0 (Windows NT 10.0; Win64; x64) AppleWebKit/537.36 (KHTML, like Gecko) Chrome/84.0.4147.135 Safari/537.36 | 27.245 ms | 27.516 |
::1 | - | [Thu, 27 Aug 2020 04:52:32 GMT] | GET /api/director/get_recent_products | HTTP/1.1 | 200 | - | http://localhost:8080/director | Mozilla/5.0 (Windows NT 10.0; Win64; x64) AppleWebKit/537.36 (KHTML, like Gecko) Chrome/84.0.4147.135 Safari/537.36 | 36.563 ms | 36.823 |
::1 | - | [Thu, 27 Aug 2020 04:52:32 GMT] | GET /api/director/get_approved_requisitions | HTTP/1.1 | 200 | - | http://localhost:8080/director | Mozilla/5.0 (Windows NT 10.0; Win64; x64) AppleWebKit/537.36 (KHTML, like Gecko) Chrome/84.0.4147.135 Safari/537.36 | 58.801 ms | 58.977 |
::1 | - | [Thu, 27 Aug 2020 04:52:41 GMT] | OPTIONS /api/director/get_departments | HTTP/1.1 | 204 | 0 | http://localhost:8080/director/departments | Mozilla/5.0 (Windows NT 10.0; Win64; x64) AppleWebKit/537.36 (KHTML, like Gecko) Chrome/84.0.4147.135 Safari/537.36 | 0.097 ms | 0.339 |
::1 | - | [Thu, 27 Aug 2020 04:52:41 GMT] | GET /api/director/get_departments | HTTP/1.1 | 200 | - | http://localhost:8080/director/departments | Mozilla/5.0 (Windows NT 10.0; Win64; x64) AppleWebKit/537.36 (KHTML, like Gecko) Chrome/84.0.4147.135 Safari/537.36 | 3.166 ms | 3.301 |
::1 | - | [Thu, 27 Aug 2020 04:52:47 GMT] | OPTIONS /api/director/procurements | HTTP/1.1 | 204 | 0 | http://localhost:8080/director | Mozilla/5.0 (Windows NT 10.0; Win64; x64) AppleWebKit/537.36 (KHTML, like Gecko) Chrome/84.0.4147.135 Safari/537.36 | 0.123 ms | 0.371 |
::1 | - | [Thu, 27 Aug 2020 04:52:47 GMT] | OPTIONS /api/director/get_suppliers | HTTP/1.1 | 204 | 0 | http://localhost:8080/director | Mozilla/5.0 (Windows NT 10.0; Win64; x64) AppleWebKit/537.36 (KHTML, like Gecko) Chrome/84.0.4147.135 Safari/537.36 | 0.220 ms | 0.491 |
::1 | - | [Thu, 27 Aug 2020 04:52:47 GMT] | GET /api/director/procurements | HTTP/1.1 | 200 | - | http://localhost:8080/director | Mozilla/5.0 (Windows NT 10.0; Win64; x64) AppleWebKit/537.36 (KHTML, like Gecko) Chrome/84.0.4147.135 Safari/537.36 | 36.364 ms | 36.602 |
::1 | - | [Thu, 27 Aug 2020 04:52:47 GMT] | GET /api/director/get_suppliers | HTTP/1.1 | 200 | - | http://localhost:8080/director | Mozilla/5.0 (Windows NT 10.0; Win64; x64) AppleWebKit/537.36 (KHTML, like Gecko) Chrome/84.0.4147.135 Safari/537.36 | 47.890 ms | 48.088 |
::1 | - | [Thu, 27 Aug 2020 04:52:47 GMT] | OPTIONS /api/director/get_recent_products | HTTP/1.1 | 204 | 0 | http://localhost:8080/director | Mozilla/5.0 (Windows NT 10.0; Win64; x64) AppleWebKit/537.36 (KHTML, like Gecko) Chrome/84.0.4147.135 Safari/537.36 | 0.123 ms | 0.300 |
::1 | - | [Thu, 27 Aug 2020 04:52:47 GMT] | OPTIONS /api/director/get_approved_requisitions | HTTP/1.1 | 204 | 0 | http://localhost:8080/director | Mozilla/5.0 (Windows NT 10.0; Win64; x64) AppleWebKit/537.36 (KHTML, like Gecko) Chrome/84.0.4147.135 Safari/537.36 | 0.095 ms | 0.265 |
::1 | - | [Thu, 27 Aug 2020 04:52:47 GMT] | GET /api/director/procurements | HTTP/1.1 | 200 | - | http://localhost:8080/director | Mozilla/5.0 (Windows NT 10.0; Win64; x64) AppleWebKit/537.36 (KHTML, like Gecko) Chrome/84.0.4147.135 Safari/537.36 | 35.511 ms | 35.769 |
::1 | - | [Thu, 27 Aug 2020 04:52:47 GMT] | GET /api/director/get_recent_products | HTTP/1.1 | 200 | - | http://localhost:8080/director | Mozilla/5.0 (Windows NT 10.0; Win64; x64) AppleWebKit/537.36 (KHTML, like Gecko) Chrome/84.0.4147.135 Safari/537.36 | 30.112 ms | 30.308 |
::1 | - | [Thu, 27 Aug 2020 04:52:47 GMT] | GET /api/director/get_approved_requisitions | HTTP/1.1 | 200 | - | http://localhost:8080/director | Mozilla/5.0 (Windows NT 10.0; Win64; x64) AppleWebKit/537.36 (KHTML, like Gecko) Chrome/84.0.4147.135 Safari/537.36 | 47.238 ms | 47.396 |
